The target system is: PICO -  - cortex-m0plus
The host system is: Linux - 5.19.0-41-generic - x86_64
Compiling the C compiler identification source file "CMakeCCompilerId.c" succeeded.
Compiler: /usr/bin/arm-none-eabi-gcc 
Build flags: ;-mcpu=cortex-m0plus;-mthumb
Id flags: -c 

The output was:
0


Compilation of the C compiler identification source "CMakeCCompilerId.c" produced "CMakeCCompilerId.o"

The C compiler identification is GNU, found in "/home/p7810456/p78_testing/rpi-pico/nrf24_demos/ledblink/build/CMakeFiles/3.25.0/CompilerIdC/CMakeCCompilerId.o"

Compiling the CXX compiler identification source file "CMakeCXXCompilerId.cpp" succeeded.
Compiler: /usr/bin/arm-none-eabi-g++ 
Build flags: ;-mcpu=cortex-m0plus;-mthumb
Id flags: -c 

The output was:
0


Compilation of the CXX compiler identification source "CMakeCXXCompilerId.cpp" produced "CMakeCXXCompilerId.o"

The CXX compiler identification is GNU, found in "/home/p7810456/p78_testing/rpi-pico/nrf24_demos/ledblink/build/CMakeFiles/3.25.0/CompilerIdCXX/CMakeCXXCompilerId.o"

Checking whether the ASM compiler is GNU using "--version" matched "(GNU assembler)|(GCC)|(Free Software Foundation)":
arm-none-eabi-gcc (Arm GNU Toolchain 12.2.MPACBTI-Rel1 (Build arm-12-mpacbti.34)) 12.2.1 20230214
Copyright (C) 2022 Free Software Foundation, Inc.
This is free software; see the source for copying conditions.  There is NO
warranty; not even for MERCHANTABILITY or FITNESS FOR A PARTICULAR PURPOSE.

Detecting C compiler ABI info compiled with the following output:
Change Dir: /home/p7810456/p78_testing/rpi-pico/nrf24_demos/ledblink/build/CMakeFiles/CMakeScratch/TryCompile-TgUC0r

Run Build Command(s):/usr/bin/gmake -f Makefile cmTC_4ef96/fast && /usr/bin/gmake  -f CMakeFiles/cmTC_4ef96.dir/build.make CMakeFiles/cmTC_4ef96.dir/build
gmake[1]: Entering directory '/home/p7810456/p78_testing/rpi-pico/nrf24_demos/ledblink/build/CMakeFiles/CMakeScratch/TryCompile-TgUC0r'
Building C object CMakeFiles/cmTC_4ef96.dir/CMakeCCompilerABI.c.obj
/usr/bin/arm-none-eabi-gcc   -mcpu=cortex-m0plus -mthumb    -v -o CMakeFiles/cmTC_4ef96.dir/CMakeCCompilerABI.c.obj -c /home/p7810456/.local/lib/python3.10/site-packages/cmake/data/share/cmake-3.25/Modules/CMakeCCompilerABI.c
Using built-in specs.
COLLECT_GCC=/usr/bin/arm-none-eabi-gcc
Target: arm-none-eabi
Configured with: /data/jenkins/workspace/GNU-toolchain/arm-12-mpacbti/src/gcc/configure --target=arm-none-eabi --prefix=/data/jenkins/workspace/GNU-toolchain/arm-12-mpacbti/build-arm-none-eabi/install --with-gmp=/data/jenkins/workspace/GNU-toolchain/arm-12-mpacbti/build-arm-none-eabi/host-tools --with-mpfr=/data/jenkins/workspace/GNU-toolchain/arm-12-mpacbti/build-arm-none-eabi/host-tools --with-mpc=/data/jenkins/workspace/GNU-toolchain/arm-12-mpacbti/build-arm-none-eabi/host-tools --with-isl=/data/jenkins/workspace/GNU-toolchain/arm-12-mpacbti/build-arm-none-eabi/host-tools --disable-shared --disable-nls --disable-threads --disable-tls --enable-checking=release --enable-languages=c,c++,fortran --with-newlib --with-gnu-as --with-gnu-ld --with-sysroot=/data/jenkins/workspace/GNU-toolchain/arm-12-mpacbti/build-arm-none-eabi/install/arm-none-eabi --with-multilib-list=aprofile,rmprofile --with-pkgversion='Arm GNU Toolchain 12.2.MPACBTI-Rel1 (Build arm-12-mpacbti.34)' --with-bugurl=https://bugs.linaro.org/
Thread model: single
Supported LTO compression algorithms: zlib
gcc version 12.2.1 20230214 (Arm GNU Toolchain 12.2.MPACBTI-Rel1 (Build arm-12-mpacbti.34)) 
COLLECT_GCC_OPTIONS='-mcpu=cortex-m0plus' '-mthumb' '-v' '-o' 'CMakeFiles/cmTC_4ef96.dir/CMakeCCompilerABI.c.obj' '-c' '-mfloat-abi=soft' '-mlibarch=armv6s-m' '-march=armv6s-m' '-dumpdir' 'CMakeFiles/cmTC_4ef96.dir/'
 /home/p7810456/arm-gnu-toolchain-12.2.mpacbti-rel1-x86_64-arm-none-eabi/bin/../libexec/gcc/arm-none-eabi/12.2.1/cc1 -quiet -v -imultilib thumb/v6-m/nofp -iprefix /home/p7810456/arm-gnu-toolchain-12.2.mpacbti-rel1-x86_64-arm-none-eabi/bin/../lib/gcc/arm-none-eabi/12.2.1/ -isysroot /home/p7810456/arm-gnu-toolchain-12.2.mpacbti-rel1-x86_64-arm-none-eabi/bin/../arm-none-eabi -D__USES_INITFINI__ /home/p7810456/.local/lib/python3.10/site-packages/cmake/data/share/cmake-3.25/Modules/CMakeCCompilerABI.c -quiet -dumpdir CMakeFiles/cmTC_4ef96.dir/ -dumpbase CMakeCCompilerABI.c.c -dumpbase-ext .c -mcpu=cortex-m0plus -mthumb -mfloat-abi=soft -mlibarch=armv6s-m -march=armv6s-m -version -o /tmp/cc15kFOs.s
GNU C17 (Arm GNU Toolchain 12.2.MPACBTI-Rel1 (Build arm-12-mpacbti.34)) version 12.2.1 20230214 (arm-none-eabi)
	compiled by GNU C version 4.8.5 20150623 (Red Hat 4.8.5-44), GMP version 6.2.1, MPFR version 3.1.6, MPC version 1.0.3, isl version isl-0.15-1-g835ea3a-GMP

GGC heuristics: --param ggc-min-expand=100 --param ggc-min-heapsize=131072
ignoring duplicate directory "/home/p7810456/arm-gnu-toolchain-12.2.mpacbti-rel1-x86_64-arm-none-eabi/bin/../lib/gcc/../../lib/gcc/arm-none-eabi/12.2.1/include"
ignoring nonexistent directory "/home/p7810456/arm-gnu-toolchain-12.2.mpacbti-rel1-x86_64-arm-none-eabi/bin/../arm-none-eabi/usr/local/include"
ignoring duplicate directory "/home/p7810456/arm-gnu-toolchain-12.2.mpacbti-rel1-x86_64-arm-none-eabi/bin/../lib/gcc/../../lib/gcc/arm-none-eabi/12.2.1/include-fixed"
ignoring duplicate directory "/home/p7810456/arm-gnu-toolchain-12.2.mpacbti-rel1-x86_64-arm-none-eabi/bin/../lib/gcc/../../lib/gcc/arm-none-eabi/12.2.1/../../../../arm-none-eabi/include"
ignoring nonexistent directory "/home/p7810456/arm-gnu-toolchain-12.2.mpacbti-rel1-x86_64-arm-none-eabi/bin/../arm-none-eabi/usr/include"
#include "..." search starts here:
#include <...> search starts here:
 /home/p7810456/arm-gnu-toolchain-12.2.mpacbti-rel1-x86_64-arm-none-eabi/bin/../lib/gcc/arm-none-eabi/12.2.1/include
 /home/p7810456/arm-gnu-toolchain-12.2.mpacbti-rel1-x86_64-arm-none-eabi/bin/../lib/gcc/arm-none-eabi/12.2.1/include-fixed
 /home/p7810456/arm-gnu-toolchain-12.2.mpacbti-rel1-x86_64-arm-none-eabi/bin/../lib/gcc/arm-none-eabi/12.2.1/../../../../arm-none-eabi/include
End of search list.
GNU C17 (Arm GNU Toolchain 12.2.MPACBTI-Rel1 (Build arm-12-mpacbti.34)) version 12.2.1 20230214 (arm-none-eabi)
	compiled by GNU C version 4.8.5 20150623 (Red Hat 4.8.5-44), GMP version 6.2.1, MPFR version 3.1.6, MPC version 1.0.3, isl version isl-0.15-1-g835ea3a-GMP

GGC heuristics: --param ggc-min-expand=100 --param ggc-min-heapsize=131072
Compiler executable checksum: 62fa4b6d96c949152df7c5d314134db2
COLLECT_GCC_OPTIONS='-mcpu=cortex-m0plus' '-mthumb' '-v' '-o' 'CMakeFiles/cmTC_4ef96.dir/CMakeCCompilerABI.c.obj' '-c' '-mfloat-abi=soft' '-mlibarch=armv6s-m' '-march=armv6s-m' '-dumpdir' 'CMakeFiles/cmTC_4ef96.dir/'
 /home/p7810456/arm-gnu-toolchain-12.2.mpacbti-rel1-x86_64-arm-none-eabi/bin/../lib/gcc/arm-none-eabi/12.2.1/../../../../arm-none-eabi/bin/as -v -march=armv6s-m -mfloat-abi=soft -meabi=5 -o CMakeFiles/cmTC_4ef96.dir/CMakeCCompilerABI.c.obj /tmp/cc15kFOs.s
GNU assembler version 2.40.0 (arm-none-eabi) using BFD version (Arm GNU Toolchain 12.2.MPACBTI-Rel1 (Build arm-12-mpacbti.34)) 2.40.0.20230307
COMPILER_PATH=/home/p7810456/arm-gnu-toolchain-12.2.mpacbti-rel1-x86_64-arm-none-eabi/bin/../libexec/gcc/arm-none-eabi/12.2.1/:/home/p7810456/arm-gnu-toolchain-12.2.mpacbti-rel1-x86_64-arm-none-eabi/bin/../libexec/gcc/:/home/p7810456/arm-gnu-toolchain-12.2.mpacbti-rel1-x86_64-arm-none-eabi/bin/../lib/gcc/arm-none-eabi/12.2.1/../../../../arm-none-eabi/bin/
LIBRARY_PATH=/home/p7810456/arm-gnu-toolchain-12.2.mpacbti-rel1-x86_64-arm-none-eabi/bin/../lib/gcc/arm-none-eabi/12.2.1/thumb/v6-m/nofp/:/home/p7810456/arm-gnu-toolchain-12.2.mpacbti-rel1-x86_64-arm-none-eabi/bin/../lib/gcc/arm-none-eabi/12.2.1/../../../../arm-none-eabi/lib/thumb/v6-m/nofp/:/home/p7810456/arm-gnu-toolchain-12.2.mpacbti-rel1-x86_64-arm-none-eabi/bin/../arm-none-eabi/lib/thumb/v6-m/nofp/:/home/p7810456/arm-gnu-toolchain-12.2.mpacbti-rel1-x86_64-arm-none-eabi/bin/../lib/gcc/arm-none-eabi/12.2.1/:/home/p7810456/arm-gnu-toolchain-12.2.mpacbti-rel1-x86_64-arm-none-eabi/bin/../lib/gcc/:/home/p7810456/arm-gnu-toolchain-12.2.mpacbti-rel1-x86_64-arm-none-eabi/bin/../lib/gcc/arm-none-eabi/12.2.1/../../../../arm-none-eabi/lib/:/home/p7810456/arm-gnu-toolchain-12.2.mpacbti-rel1-x86_64-arm-none-eabi/bin/../arm-none-eabi/lib/
COLLECT_GCC_OPTIONS='-mcpu=cortex-m0plus' '-mthumb' '-v' '-o' 'CMakeFiles/cmTC_4ef96.dir/CMakeCCompilerABI.c.obj' '-c' '-mfloat-abi=soft' '-mlibarch=armv6s-m' '-march=armv6s-m' '-dumpdir' 'CMakeFiles/cmTC_4ef96.dir/CMakeCCompilerABI.c.'
Linking C executable cmTC_4ef96.elf
/home/p7810456/.local/lib/python3.10/site-packages/cmake/data/bin/cmake -E cmake_link_script CMakeFiles/cmTC_4ef96.dir/link.txt --verbose=1
/usr/bin/arm-none-eabi-gcc -mcpu=cortex-m0plus -mthumb  -Wl,--build-id=none -nostdlib  -v CMakeFiles/cmTC_4ef96.dir/CMakeCCompilerABI.c.obj -o cmTC_4ef96.elf 
Using built-in specs.
COLLECT_GCC=/usr/bin/arm-none-eabi-gcc
COLLECT_LTO_WRAPPER=/home/p7810456/arm-gnu-toolchain-12.2.mpacbti-rel1-x86_64-arm-none-eabi/bin/../libexec/gcc/arm-none-eabi/12.2.1/lto-wrapper
Target: arm-none-eabi
Configured with: /data/jenkins/workspace/GNU-toolchain/arm-12-mpacbti/src/gcc/configure --target=arm-none-eabi --prefix=/data/jenkins/workspace/GNU-toolchain/arm-12-mpacbti/build-arm-none-eabi/install --with-gmp=/data/jenkins/workspace/GNU-toolchain/arm-12-mpacbti/build-arm-none-eabi/host-tools --with-mpfr=/data/jenkins/workspace/GNU-toolchain/arm-12-mpacbti/build-arm-none-eabi/host-tools --with-mpc=/data/jenkins/workspace/GNU-toolchain/arm-12-mpacbti/build-arm-none-eabi/host-tools --with-isl=/data/jenkins/workspace/GNU-toolchain/arm-12-mpacbti/build-arm-none-eabi/host-tools --disable-shared --disable-nls --disable-threads --disable-tls --enable-checking=release --enable-languages=c,c++,fortran --with-newlib --with-gnu-as --with-gnu-ld --with-sysroot=/data/jenkins/workspace/GNU-toolchain/arm-12-mpacbti/build-arm-none-eabi/install/arm-none-eabi --with-multilib-list=aprofile,rmprofile --with-pkgversion='Arm GNU Toolchain 12.2.MPACBTI-Rel1 (Build arm-12-mpacbti.34)' --with-bugurl=https://bugs.linaro.org/
Thread model: single
Supported LTO compression algorithms: zlib
gcc version 12.2.1 20230214 (Arm GNU Toolchain 12.2.MPACBTI-Rel1 (Build arm-12-mpacbti.34)) 
COMPILER_PATH=/home/p7810456/arm-gnu-toolchain-12.2.mpacbti-rel1-x86_64-arm-none-eabi/bin/../libexec/gcc/arm-none-eabi/12.2.1/:/home/p7810456/arm-gnu-toolchain-12.2.mpacbti-rel1-x86_64-arm-none-eabi/bin/../libexec/gcc/:/home/p7810456/arm-gnu-toolchain-12.2.mpacbti-rel1-x86_64-arm-none-eabi/bin/../lib/gcc/arm-none-eabi/12.2.1/../../../../arm-none-eabi/bin/
LIBRARY_PATH=/home/p7810456/arm-gnu-toolchain-12.2.mpacbti-rel1-x86_64-arm-none-eabi/bin/../lib/gcc/arm-none-eabi/12.2.1/thumb/v6-m/nofp/:/home/p7810456/arm-gnu-toolchain-12.2.mpacbti-rel1-x86_64-arm-none-eabi/bin/../lib/gcc/arm-none-eabi/12.2.1/../../../../arm-none-eabi/lib/thumb/v6-m/nofp/:/home/p7810456/arm-gnu-toolchain-12.2.mpacbti-rel1-x86_64-arm-none-eabi/bin/../arm-none-eabi/lib/thumb/v6-m/nofp/:/home/p7810456/arm-gnu-toolchain-12.2.mpacbti-rel1-x86_64-arm-none-eabi/bin/../lib/gcc/arm-none-eabi/12.2.1/:/home/p7810456/arm-gnu-toolchain-12.2.mpacbti-rel1-x86_64-arm-none-eabi/bin/../lib/gcc/:/home/p7810456/arm-gnu-toolchain-12.2.mpacbti-rel1-x86_64-arm-none-eabi/bin/../lib/gcc/arm-none-eabi/12.2.1/../../../../arm-none-eabi/lib/:/home/p7810456/arm-gnu-toolchain-12.2.mpacbti-rel1-x86_64-arm-none-eabi/bin/../arm-none-eabi/lib/
COLLECT_GCC_OPTIONS='-mcpu=cortex-m0plus' '-mthumb' '-nostdlib' '-v' '-o' 'cmTC_4ef96.elf' '-mfloat-abi=soft' '-mlibarch=armv6s-m' '-march=armv6s-m' '-dumpdir' 'cmTC_4ef96.elf.'
 /home/p7810456/arm-gnu-toolchain-12.2.mpacbti-rel1-x86_64-arm-none-eabi/bin/../libexec/gcc/arm-none-eabi/12.2.1/collect2 -plugin /home/p7810456/arm-gnu-toolchain-12.2.mpacbti-rel1-x86_64-arm-none-eabi/bin/../libexec/gcc/arm-none-eabi/12.2.1/liblto_plugin.so -plugin-opt=/home/p7810456/arm-gnu-toolchain-12.2.mpacbti-rel1-x86_64-arm-none-eabi/bin/../libexec/gcc/arm-none-eabi/12.2.1/lto-wrapper -plugin-opt=-fresolution=/tmp/ccXHxgcn.res --sysroot=/home/p7810456/arm-gnu-toolchain-12.2.mpacbti-rel1-x86_64-arm-none-eabi/bin/../arm-none-eabi -X -o cmTC_4ef96.elf -L/home/p7810456/arm-gnu-toolchain-12.2.mpacbti-rel1-x86_64-arm-none-eabi/bin/../lib/gcc/arm-none-eabi/12.2.1/thumb/v6-m/nofp -L/home/p7810456/arm-gnu-toolchain-12.2.mpacbti-rel1-x86_64-arm-none-eabi/bin/../lib/gcc/arm-none-eabi/12.2.1/../../../../arm-none-eabi/lib/thumb/v6-m/nofp -L/home/p7810456/arm-gnu-toolchain-12.2.mpacbti-rel1-x86_64-arm-none-eabi/bin/../arm-none-eabi/lib/thumb/v6-m/nofp -L/home/p7810456/arm-gnu-toolchain-12.2.mpacbti-rel1-x86_64-arm-none-eabi/bin/../lib/gcc/arm-none-eabi/12.2.1 -L/home/p7810456/arm-gnu-toolchain-12.2.mpacbti-rel1-x86_64-arm-none-eabi/bin/../lib/gcc -L/home/p7810456/arm-gnu-toolchain-12.2.mpacbti-rel1-x86_64-arm-none-eabi/bin/../lib/gcc/arm-none-eabi/12.2.1/../../../../arm-none-eabi/lib -L/home/p7810456/arm-gnu-toolchain-12.2.mpacbti-rel1-x86_64-arm-none-eabi/bin/../arm-none-eabi/lib --build-id=none CMakeFiles/cmTC_4ef96.dir/CMakeCCompilerABI.c.obj
/home/p7810456/arm-gnu-toolchain-12.2.mpacbti-rel1-x86_64-arm-none-eabi/bin/../lib/gcc/arm-none-eabi/12.2.1/../../../../arm-none-eabi/bin/ld: warning: cannot find entry symbol _start; defaulting to 00008000
COLLECT_GCC_OPTIONS='-mcpu=cortex-m0plus' '-mthumb' '-nostdlib' '-v' '-o' 'cmTC_4ef96.elf' '-mfloat-abi=soft' '-mlibarch=armv6s-m' '-march=armv6s-m' '-dumpdir' 'cmTC_4ef96.elf.'
gmake[1]: Leaving directory '/home/p7810456/p78_testing/rpi-pico/nrf24_demos/ledblink/build/CMakeFiles/CMakeScratch/TryCompile-TgUC0r'



Parsed C implicit include dir info from above output: rv=done
  found start of include info
  found start of implicit include info
    add: [/home/p7810456/arm-gnu-toolchain-12.2.mpacbti-rel1-x86_64-arm-none-eabi/bin/../lib/gcc/arm-none-eabi/12.2.1/include]
    add: [/home/p7810456/arm-gnu-toolchain-12.2.mpacbti-rel1-x86_64-arm-none-eabi/bin/../lib/gcc/arm-none-eabi/12.2.1/include-fixed]
    add: [/home/p7810456/arm-gnu-toolchain-12.2.mpacbti-rel1-x86_64-arm-none-eabi/bin/../lib/gcc/arm-none-eabi/12.2.1/../../../../arm-none-eabi/include]
  end of search list found
  collapse include dir [/home/p7810456/arm-gnu-toolchain-12.2.mpacbti-rel1-x86_64-arm-none-eabi/bin/../lib/gcc/arm-none-eabi/12.2.1/include] ==> [/home/p7810456/arm-gnu-toolchain-12.2.mpacbti-rel1-x86_64-arm-none-eabi/lib/gcc/arm-none-eabi/12.2.1/include]
  collapse include dir [/home/p7810456/arm-gnu-toolchain-12.2.mpacbti-rel1-x86_64-arm-none-eabi/bin/../lib/gcc/arm-none-eabi/12.2.1/include-fixed] ==> [/home/p7810456/arm-gnu-toolchain-12.2.mpacbti-rel1-x86_64-arm-none-eabi/lib/gcc/arm-none-eabi/12.2.1/include-fixed]
  collapse include dir [/home/p7810456/arm-gnu-toolchain-12.2.mpacbti-rel1-x86_64-arm-none-eabi/bin/../lib/gcc/arm-none-eabi/12.2.1/../../../../arm-none-eabi/include] ==> [/home/p7810456/arm-gnu-toolchain-12.2.mpacbti-rel1-x86_64-arm-none-eabi/arm-none-eabi/include]
  implicit include dirs: [/home/p7810456/arm-gnu-toolchain-12.2.mpacbti-rel1-x86_64-arm-none-eabi/lib/gcc/arm-none-eabi/12.2.1/include;/home/p7810456/arm-gnu-toolchain-12.2.mpacbti-rel1-x86_64-arm-none-eabi/lib/gcc/arm-none-eabi/12.2.1/include-fixed;/home/p7810456/arm-gnu-toolchain-12.2.mpacbti-rel1-x86_64-arm-none-eabi/arm-none-eabi/include]


Parsed C implicit link information from above output:
  link line regex: [^( *|.*[/\])(arm-none-eabi-ld|CMAKE_LINK_STARTFILE-NOTFOUND|([^/\]+-)?ld|collect2)[^/\]*( |$)]
  ignore line: [Change Dir: /home/p7810456/p78_testing/rpi-pico/nrf24_demos/ledblink/build/CMakeFiles/CMakeScratch/TryCompile-TgUC0r]
  ignore line: []
  ignore line: [Run Build Command(s):/usr/bin/gmake -f Makefile cmTC_4ef96/fast && /usr/bin/gmake  -f CMakeFiles/cmTC_4ef96.dir/build.make CMakeFiles/cmTC_4ef96.dir/build]
  ignore line: [gmake[1]: Entering directory '/home/p7810456/p78_testing/rpi-pico/nrf24_demos/ledblink/build/CMakeFiles/CMakeScratch/TryCompile-TgUC0r']
  ignore line: [Building C object CMakeFiles/cmTC_4ef96.dir/CMakeCCompilerABI.c.obj]
  ignore line: [/usr/bin/arm-none-eabi-gcc   -mcpu=cortex-m0plus -mthumb    -v -o CMakeFiles/cmTC_4ef96.dir/CMakeCCompilerABI.c.obj -c /home/p7810456/.local/lib/python3.10/site-packages/cmake/data/share/cmake-3.25/Modules/CMakeCCompilerABI.c]
  ignore line: [Using built-in specs.]
  ignore line: [COLLECT_GCC=/usr/bin/arm-none-eabi-gcc]
  ignore line: [Target: arm-none-eabi]
  ignore line: [Configured with: /data/jenkins/workspace/GNU-toolchain/arm-12-mpacbti/src/gcc/configure --target=arm-none-eabi --prefix=/data/jenkins/workspace/GNU-toolchain/arm-12-mpacbti/build-arm-none-eabi/install --with-gmp=/data/jenkins/workspace/GNU-toolchain/arm-12-mpacbti/build-arm-none-eabi/host-tools --with-mpfr=/data/jenkins/workspace/GNU-toolchain/arm-12-mpacbti/build-arm-none-eabi/host-tools --with-mpc=/data/jenkins/workspace/GNU-toolchain/arm-12-mpacbti/build-arm-none-eabi/host-tools --with-isl=/data/jenkins/workspace/GNU-toolchain/arm-12-mpacbti/build-arm-none-eabi/host-tools --disable-shared --disable-nls --disable-threads --disable-tls --enable-checking=release --enable-languages=c,c++,fortran --with-newlib --with-gnu-as --with-gnu-ld --with-sysroot=/data/jenkins/workspace/GNU-toolchain/arm-12-mpacbti/build-arm-none-eabi/install/arm-none-eabi --with-multilib-list=aprofile,rmprofile --with-pkgversion='Arm GNU Toolchain 12.2.MPACBTI-Rel1 (Build arm-12-mpacbti.34)' --with-bugurl=https://bugs.linaro.org/]
  ignore line: [Thread model: single]
  ignore line: [Supported LTO compression algorithms: zlib]
  ignore line: [gcc version 12.2.1 20230214 (Arm GNU Toolchain 12.2.MPACBTI-Rel1 (Build arm-12-mpacbti.34)) ]
  ignore line: [COLLECT_GCC_OPTIONS='-mcpu=cortex-m0plus' '-mthumb' '-v' '-o' 'CMakeFiles/cmTC_4ef96.dir/CMakeCCompilerABI.c.obj' '-c' '-mfloat-abi=soft' '-mlibarch=armv6s-m' '-march=armv6s-m' '-dumpdir' 'CMakeFiles/cmTC_4ef96.dir/']
  ignore line: [ /home/p7810456/arm-gnu-toolchain-12.2.mpacbti-rel1-x86_64-arm-none-eabi/bin/../libexec/gcc/arm-none-eabi/12.2.1/cc1 -quiet -v -imultilib thumb/v6-m/nofp -iprefix /home/p7810456/arm-gnu-toolchain-12.2.mpacbti-rel1-x86_64-arm-none-eabi/bin/../lib/gcc/arm-none-eabi/12.2.1/ -isysroot /home/p7810456/arm-gnu-toolchain-12.2.mpacbti-rel1-x86_64-arm-none-eabi/bin/../arm-none-eabi -D__USES_INITFINI__ /home/p7810456/.local/lib/python3.10/site-packages/cmake/data/share/cmake-3.25/Modules/CMakeCCompilerABI.c -quiet -dumpdir CMakeFiles/cmTC_4ef96.dir/ -dumpbase CMakeCCompilerABI.c.c -dumpbase-ext .c -mcpu=cortex-m0plus -mthumb -mfloat-abi=soft -mlibarch=armv6s-m -march=armv6s-m -version -o /tmp/cc15kFOs.s]
  ignore line: [GNU C17 (Arm GNU Toolchain 12.2.MPACBTI-Rel1 (Build arm-12-mpacbti.34)) version 12.2.1 20230214 (arm-none-eabi)]
  ignore line: [	compiled by GNU C version 4.8.5 20150623 (Red Hat 4.8.5-44)  GMP version 6.2.1  MPFR version 3.1.6  MPC version 1.0.3  isl version isl-0.15-1-g835ea3a-GMP]
  ignore line: []
  ignore line: [GGC heuristics: --param ggc-min-expand=100 --param ggc-min-heapsize=131072]
  ignore line: [ignoring duplicate directory "/home/p7810456/arm-gnu-toolchain-12.2.mpacbti-rel1-x86_64-arm-none-eabi/bin/../lib/gcc/../../lib/gcc/arm-none-eabi/12.2.1/include"]
  ignore line: [ignoring nonexistent directory "/home/p7810456/arm-gnu-toolchain-12.2.mpacbti-rel1-x86_64-arm-none-eabi/bin/../arm-none-eabi/usr/local/include"]
  ignore line: [ignoring duplicate directory "/home/p7810456/arm-gnu-toolchain-12.2.mpacbti-rel1-x86_64-arm-none-eabi/bin/../lib/gcc/../../lib/gcc/arm-none-eabi/12.2.1/include-fixed"]
  ignore line: [ignoring duplicate directory "/home/p7810456/arm-gnu-toolchain-12.2.mpacbti-rel1-x86_64-arm-none-eabi/bin/../lib/gcc/../../lib/gcc/arm-none-eabi/12.2.1/../../../../arm-none-eabi/include"]
  ignore line: [ignoring nonexistent directory "/home/p7810456/arm-gnu-toolchain-12.2.mpacbti-rel1-x86_64-arm-none-eabi/bin/../arm-none-eabi/usr/include"]
  ignore line: [#include "..." search starts here:]
  ignore line: [#include <...> search starts here:]
  ignore line: [ /home/p7810456/arm-gnu-toolchain-12.2.mpacbti-rel1-x86_64-arm-none-eabi/bin/../lib/gcc/arm-none-eabi/12.2.1/include]
  ignore line: [ /home/p7810456/arm-gnu-toolchain-12.2.mpacbti-rel1-x86_64-arm-none-eabi/bin/../lib/gcc/arm-none-eabi/12.2.1/include-fixed]
  ignore line: [ /home/p7810456/arm-gnu-toolchain-12.2.mpacbti-rel1-x86_64-arm-none-eabi/bin/../lib/gcc/arm-none-eabi/12.2.1/../../../../arm-none-eabi/include]
  ignore line: [End of search list.]
  ignore line: [GNU C17 (Arm GNU Toolchain 12.2.MPACBTI-Rel1 (Build arm-12-mpacbti.34)) version 12.2.1 20230214 (arm-none-eabi)]
  ignore line: [	compiled by GNU C version 4.8.5 20150623 (Red Hat 4.8.5-44)  GMP version 6.2.1  MPFR version 3.1.6  MPC version 1.0.3  isl version isl-0.15-1-g835ea3a-GMP]
  ignore line: []
  ignore line: [GGC heuristics: --param ggc-min-expand=100 --param ggc-min-heapsize=131072]
  ignore line: [Compiler executable checksum: 62fa4b6d96c949152df7c5d314134db2]
  ignore line: [COLLECT_GCC_OPTIONS='-mcpu=cortex-m0plus' '-mthumb' '-v' '-o' 'CMakeFiles/cmTC_4ef96.dir/CMakeCCompilerABI.c.obj' '-c' '-mfloat-abi=soft' '-mlibarch=armv6s-m' '-march=armv6s-m' '-dumpdir' 'CMakeFiles/cmTC_4ef96.dir/']
  ignore line: [ /home/p7810456/arm-gnu-toolchain-12.2.mpacbti-rel1-x86_64-arm-none-eabi/bin/../lib/gcc/arm-none-eabi/12.2.1/../../../../arm-none-eabi/bin/as -v -march=armv6s-m -mfloat-abi=soft -meabi=5 -o CMakeFiles/cmTC_4ef96.dir/CMakeCCompilerABI.c.obj /tmp/cc15kFOs.s]
  ignore line: [GNU assembler version 2.40.0 (arm-none-eabi) using BFD version (Arm GNU Toolchain 12.2.MPACBTI-Rel1 (Build arm-12-mpacbti.34)) 2.40.0.20230307]
  ignore line: [COMPILER_PATH=/home/p7810456/arm-gnu-toolchain-12.2.mpacbti-rel1-x86_64-arm-none-eabi/bin/../libexec/gcc/arm-none-eabi/12.2.1/:/home/p7810456/arm-gnu-toolchain-12.2.mpacbti-rel1-x86_64-arm-none-eabi/bin/../libexec/gcc/:/home/p7810456/arm-gnu-toolchain-12.2.mpacbti-rel1-x86_64-arm-none-eabi/bin/../lib/gcc/arm-none-eabi/12.2.1/../../../../arm-none-eabi/bin/]
  ignore line: [LIBRARY_PATH=/home/p7810456/arm-gnu-toolchain-12.2.mpacbti-rel1-x86_64-arm-none-eabi/bin/../lib/gcc/arm-none-eabi/12.2.1/thumb/v6-m/nofp/:/home/p7810456/arm-gnu-toolchain-12.2.mpacbti-rel1-x86_64-arm-none-eabi/bin/../lib/gcc/arm-none-eabi/12.2.1/../../../../arm-none-eabi/lib/thumb/v6-m/nofp/:/home/p7810456/arm-gnu-toolchain-12.2.mpacbti-rel1-x86_64-arm-none-eabi/bin/../arm-none-eabi/lib/thumb/v6-m/nofp/:/home/p7810456/arm-gnu-toolchain-12.2.mpacbti-rel1-x86_64-arm-none-eabi/bin/../lib/gcc/arm-none-eabi/12.2.1/:/home/p7810456/arm-gnu-toolchain-12.2.mpacbti-rel1-x86_64-arm-none-eabi/bin/../lib/gcc/:/home/p7810456/arm-gnu-toolchain-12.2.mpacbti-rel1-x86_64-arm-none-eabi/bin/../lib/gcc/arm-none-eabi/12.2.1/../../../../arm-none-eabi/lib/:/home/p7810456/arm-gnu-toolchain-12.2.mpacbti-rel1-x86_64-arm-none-eabi/bin/../arm-none-eabi/lib/]
  ignore line: [COLLECT_GCC_OPTIONS='-mcpu=cortex-m0plus' '-mthumb' '-v' '-o' 'CMakeFiles/cmTC_4ef96.dir/CMakeCCompilerABI.c.obj' '-c' '-mfloat-abi=soft' '-mlibarch=armv6s-m' '-march=armv6s-m' '-dumpdir' 'CMakeFiles/cmTC_4ef96.dir/CMakeCCompilerABI.c.']
  ignore line: [Linking C executable cmTC_4ef96.elf]
  ignore line: [/home/p7810456/.local/lib/python3.10/site-packages/cmake/data/bin/cmake -E cmake_link_script CMakeFiles/cmTC_4ef96.dir/link.txt --verbose=1]
  ignore line: [/usr/bin/arm-none-eabi-gcc -mcpu=cortex-m0plus -mthumb  -Wl --build-id=none -nostdlib  -v CMakeFiles/cmTC_4ef96.dir/CMakeCCompilerABI.c.obj -o cmTC_4ef96.elf ]
  ignore line: [Using built-in specs.]
  ignore line: [COLLECT_GCC=/usr/bin/arm-none-eabi-gcc]
  ignore line: [COLLECT_LTO_WRAPPER=/home/p7810456/arm-gnu-toolchain-12.2.mpacbti-rel1-x86_64-arm-none-eabi/bin/../libexec/gcc/arm-none-eabi/12.2.1/lto-wrapper]
  ignore line: [Target: arm-none-eabi]
  ignore line: [Configured with: /data/jenkins/workspace/GNU-toolchain/arm-12-mpacbti/src/gcc/configure --target=arm-none-eabi --prefix=/data/jenkins/workspace/GNU-toolchain/arm-12-mpacbti/build-arm-none-eabi/install --with-gmp=/data/jenkins/workspace/GNU-toolchain/arm-12-mpacbti/build-arm-none-eabi/host-tools --with-mpfr=/data/jenkins/workspace/GNU-toolchain/arm-12-mpacbti/build-arm-none-eabi/host-tools --with-mpc=/data/jenkins/workspace/GNU-toolchain/arm-12-mpacbti/build-arm-none-eabi/host-tools --with-isl=/data/jenkins/workspace/GNU-toolchain/arm-12-mpacbti/build-arm-none-eabi/host-tools --disable-shared --disable-nls --disable-threads --disable-tls --enable-checking=release --enable-languages=c,c++,fortran --with-newlib --with-gnu-as --with-gnu-ld --with-sysroot=/data/jenkins/workspace/GNU-toolchain/arm-12-mpacbti/build-arm-none-eabi/install/arm-none-eabi --with-multilib-list=aprofile,rmprofile --with-pkgversion='Arm GNU Toolchain 12.2.MPACBTI-Rel1 (Build arm-12-mpacbti.34)' --with-bugurl=https://bugs.linaro.org/]
  ignore line: [Thread model: single]
  ignore line: [Supported LTO compression algorithms: zlib]
  ignore line: [gcc version 12.2.1 20230214 (Arm GNU Toolchain 12.2.MPACBTI-Rel1 (Build arm-12-mpacbti.34)) ]
  ignore line: [COMPILER_PATH=/home/p7810456/arm-gnu-toolchain-12.2.mpacbti-rel1-x86_64-arm-none-eabi/bin/../libexec/gcc/arm-none-eabi/12.2.1/:/home/p7810456/arm-gnu-toolchain-12.2.mpacbti-rel1-x86_64-arm-none-eabi/bin/../libexec/gcc/:/home/p7810456/arm-gnu-toolchain-12.2.mpacbti-rel1-x86_64-arm-none-eabi/bin/../lib/gcc/arm-none-eabi/12.2.1/../../../../arm-none-eabi/bin/]
  ignore line: [LIBRARY_PATH=/home/p7810456/arm-gnu-toolchain-12.2.mpacbti-rel1-x86_64-arm-none-eabi/bin/../lib/gcc/arm-none-eabi/12.2.1/thumb/v6-m/nofp/:/home/p7810456/arm-gnu-toolchain-12.2.mpacbti-rel1-x86_64-arm-none-eabi/bin/../lib/gcc/arm-none-eabi/12.2.1/../../../../arm-none-eabi/lib/thumb/v6-m/nofp/:/home/p7810456/arm-gnu-toolchain-12.2.mpacbti-rel1-x86_64-arm-none-eabi/bin/../arm-none-eabi/lib/thumb/v6-m/nofp/:/home/p7810456/arm-gnu-toolchain-12.2.mpacbti-rel1-x86_64-arm-none-eabi/bin/../lib/gcc/arm-none-eabi/12.2.1/:/home/p7810456/arm-gnu-toolchain-12.2.mpacbti-rel1-x86_64-arm-none-eabi/bin/../lib/gcc/:/home/p7810456/arm-gnu-toolchain-12.2.mpacbti-rel1-x86_64-arm-none-eabi/bin/../lib/gcc/arm-none-eabi/12.2.1/../../../../arm-none-eabi/lib/:/home/p7810456/arm-gnu-toolchain-12.2.mpacbti-rel1-x86_64-arm-none-eabi/bin/../arm-none-eabi/lib/]
  ignore line: [COLLECT_GCC_OPTIONS='-mcpu=cortex-m0plus' '-mthumb' '-nostdlib' '-v' '-o' 'cmTC_4ef96.elf' '-mfloat-abi=soft' '-mlibarch=armv6s-m' '-march=armv6s-m' '-dumpdir' 'cmTC_4ef96.elf.']
  link line: [ /home/p7810456/arm-gnu-toolchain-12.2.mpacbti-rel1-x86_64-arm-none-eabi/bin/../libexec/gcc/arm-none-eabi/12.2.1/collect2 -plugin /home/p7810456/arm-gnu-toolchain-12.2.mpacbti-rel1-x86_64-arm-none-eabi/bin/../libexec/gcc/arm-none-eabi/12.2.1/liblto_plugin.so -plugin-opt=/home/p7810456/arm-gnu-toolchain-12.2.mpacbti-rel1-x86_64-arm-none-eabi/bin/../libexec/gcc/arm-none-eabi/12.2.1/lto-wrapper -plugin-opt=-fresolution=/tmp/ccXHxgcn.res --sysroot=/home/p7810456/arm-gnu-toolchain-12.2.mpacbti-rel1-x86_64-arm-none-eabi/bin/../arm-none-eabi -X -o cmTC_4ef96.elf -L/home/p7810456/arm-gnu-toolchain-12.2.mpacbti-rel1-x86_64-arm-none-eabi/bin/../lib/gcc/arm-none-eabi/12.2.1/thumb/v6-m/nofp -L/home/p7810456/arm-gnu-toolchain-12.2.mpacbti-rel1-x86_64-arm-none-eabi/bin/../lib/gcc/arm-none-eabi/12.2.1/../../../../arm-none-eabi/lib/thumb/v6-m/nofp -L/home/p7810456/arm-gnu-toolchain-12.2.mpacbti-rel1-x86_64-arm-none-eabi/bin/../arm-none-eabi/lib/thumb/v6-m/nofp -L/home/p7810456/arm-gnu-toolchain-12.2.mpacbti-rel1-x86_64-arm-none-eabi/bin/../lib/gcc/arm-none-eabi/12.2.1 -L/home/p7810456/arm-gnu-toolchain-12.2.mpacbti-rel1-x86_64-arm-none-eabi/bin/../lib/gcc -L/home/p7810456/arm-gnu-toolchain-12.2.mpacbti-rel1-x86_64-arm-none-eabi/bin/../lib/gcc/arm-none-eabi/12.2.1/../../../../arm-none-eabi/lib -L/home/p7810456/arm-gnu-toolchain-12.2.mpacbti-rel1-x86_64-arm-none-eabi/bin/../arm-none-eabi/lib --build-id=none CMakeFiles/cmTC_4ef96.dir/CMakeCCompilerABI.c.obj]
    arg [/home/p7810456/arm-gnu-toolchain-12.2.mpacbti-rel1-x86_64-arm-none-eabi/bin/../libexec/gcc/arm-none-eabi/12.2.1/collect2] ==> ignore
    arg [-plugin] ==> ignore
    arg [/home/p7810456/arm-gnu-toolchain-12.2.mpacbti-rel1-x86_64-arm-none-eabi/bin/../libexec/gcc/arm-none-eabi/12.2.1/liblto_plugin.so] ==> ignore
    arg [-plugin-opt=/home/p7810456/arm-gnu-toolchain-12.2.mpacbti-rel1-x86_64-arm-none-eabi/bin/../libexec/gcc/arm-none-eabi/12.2.1/lto-wrapper] ==> ignore
    arg [-plugin-opt=-fresolution=/tmp/ccXHxgcn.res] ==> ignore
    arg [--sysroot=/home/p7810456/arm-gnu-toolchain-12.2.mpacbti-rel1-x86_64-arm-none-eabi/bin/../arm-none-eabi] ==> ignore
    arg [-X] ==> ignore
    arg [-o] ==> ignore
    arg [cmTC_4ef96.elf] ==> ignore
    arg [-L/home/p7810456/arm-gnu-toolchain-12.2.mpacbti-rel1-x86_64-arm-none-eabi/bin/../lib/gcc/arm-none-eabi/12.2.1/thumb/v6-m/nofp] ==> dir [/home/p7810456/arm-gnu-toolchain-12.2.mpacbti-rel1-x86_64-arm-none-eabi/bin/../lib/gcc/arm-none-eabi/12.2.1/thumb/v6-m/nofp]
    arg [-L/home/p7810456/arm-gnu-toolchain-12.2.mpacbti-rel1-x86_64-arm-none-eabi/bin/../lib/gcc/arm-none-eabi/12.2.1/../../../../arm-none-eabi/lib/thumb/v6-m/nofp] ==> dir [/home/p7810456/arm-gnu-toolchain-12.2.mpacbti-rel1-x86_64-arm-none-eabi/bin/../lib/gcc/arm-none-eabi/12.2.1/../../../../arm-none-eabi/lib/thumb/v6-m/nofp]
    arg [-L/home/p7810456/arm-gnu-toolchain-12.2.mpacbti-rel1-x86_64-arm-none-eabi/bin/../arm-none-eabi/lib/thumb/v6-m/nofp] ==> dir [/home/p7810456/arm-gnu-toolchain-12.2.mpacbti-rel1-x86_64-arm-none-eabi/bin/../arm-none-eabi/lib/thumb/v6-m/nofp]
    arg [-L/home/p7810456/arm-gnu-toolchain-12.2.mpacbti-rel1-x86_64-arm-none-eabi/bin/../lib/gcc/arm-none-eabi/12.2.1] ==> dir [/home/p7810456/arm-gnu-toolchain-12.2.mpacbti-rel1-x86_64-arm-none-eabi/bin/../lib/gcc/arm-none-eabi/12.2.1]
    arg [-L/home/p7810456/arm-gnu-toolchain-12.2.mpacbti-rel1-x86_64-arm-none-eabi/bin/../lib/gcc] ==> dir [/home/p7810456/arm-gnu-toolchain-12.2.mpacbti-rel1-x86_64-arm-none-eabi/bin/../lib/gcc]
    arg [-L/home/p7810456/arm-gnu-toolchain-12.2.mpacbti-rel1-x86_64-arm-none-eabi/bin/../lib/gcc/arm-none-eabi/12.2.1/../../../../arm-none-eabi/lib] ==> dir [/home/p7810456/arm-gnu-toolchain-12.2.mpacbti-rel1-x86_64-arm-none-eabi/bin/../lib/gcc/arm-none-eabi/12.2.1/../../../../arm-none-eabi/lib]
    arg [-L/home/p7810456/arm-gnu-toolchain-12.2.mpacbti-rel1-x86_64-arm-none-eabi/bin/../arm-none-eabi/lib] ==> dir [/home/p7810456/arm-gnu-toolchain-12.2.mpacbti-rel1-x86_64-arm-none-eabi/bin/../arm-none-eabi/lib]
    arg [--build-id=none] ==> ignore
    arg [CMakeFiles/cmTC_4ef96.dir/CMakeCCompilerABI.c.obj] ==> ignore
  collapse library dir [/home/p7810456/arm-gnu-toolchain-12.2.mpacbti-rel1-x86_64-arm-none-eabi/bin/../lib/gcc/arm-none-eabi/12.2.1/thumb/v6-m/nofp] ==> [/home/p7810456/arm-gnu-toolchain-12.2.mpacbti-rel1-x86_64-arm-none-eabi/lib/gcc/arm-none-eabi/12.2.1/thumb/v6-m/nofp]
  collapse library dir [/home/p7810456/arm-gnu-toolchain-12.2.mpacbti-rel1-x86_64-arm-none-eabi/bin/../lib/gcc/arm-none-eabi/12.2.1/../../../../arm-none-eabi/lib/thumb/v6-m/nofp] ==> [/home/p7810456/arm-gnu-toolchain-12.2.mpacbti-rel1-x86_64-arm-none-eabi/arm-none-eabi/lib/thumb/v6-m/nofp]
  collapse library dir [/home/p7810456/arm-gnu-toolchain-12.2.mpacbti-rel1-x86_64-arm-none-eabi/bin/../arm-none-eabi/lib/thumb/v6-m/nofp] ==> [/home/p7810456/arm-gnu-toolchain-12.2.mpacbti-rel1-x86_64-arm-none-eabi/arm-none-eabi/lib/thumb/v6-m/nofp]
  collapse library dir [/home/p7810456/arm-gnu-toolchain-12.2.mpacbti-rel1-x86_64-arm-none-eabi/bin/../lib/gcc/arm-none-eabi/12.2.1] ==> [/home/p7810456/arm-gnu-toolchain-12.2.mpacbti-rel1-x86_64-arm-none-eabi/lib/gcc/arm-none-eabi/12.2.1]
  collapse library dir [/home/p7810456/arm-gnu-toolchain-12.2.mpacbti-rel1-x86_64-arm-none-eabi/bin/../lib/gcc] ==> [/home/p7810456/arm-gnu-toolchain-12.2.mpacbti-rel1-x86_64-arm-none-eabi/lib/gcc]
  collapse library dir [/home/p7810456/arm-gnu-toolchain-12.2.mpacbti-rel1-x86_64-arm-none-eabi/bin/../lib/gcc/arm-none-eabi/12.2.1/../../../../arm-none-eabi/lib] ==> [/home/p7810456/arm-gnu-toolchain-12.2.mpacbti-rel1-x86_64-arm-none-eabi/arm-none-eabi/lib]
  collapse library dir [/home/p7810456/arm-gnu-toolchain-12.2.mpacbti-rel1-x86_64-arm-none-eabi/bin/../arm-none-eabi/lib] ==> [/home/p7810456/arm-gnu-toolchain-12.2.mpacbti-rel1-x86_64-arm-none-eabi/arm-none-eabi/lib]
  implicit libs: []
  implicit objs: []
  implicit dirs: [/home/p7810456/arm-gnu-toolchain-12.2.mpacbti-rel1-x86_64-arm-none-eabi/lib/gcc/arm-none-eabi/12.2.1/thumb/v6-m/nofp;/home/p7810456/arm-gnu-toolchain-12.2.mpacbti-rel1-x86_64-arm-none-eabi/arm-none-eabi/lib/thumb/v6-m/nofp;/home/p7810456/arm-gnu-toolchain-12.2.mpacbti-rel1-x86_64-arm-none-eabi/lib/gcc/arm-none-eabi/12.2.1;/home/p7810456/arm-gnu-toolchain-12.2.mpacbti-rel1-x86_64-arm-none-eabi/lib/gcc;/home/p7810456/arm-gnu-toolchain-12.2.mpacbti-rel1-x86_64-arm-none-eabi/arm-none-eabi/lib]
  implicit fwks: []


Detecting CXX compiler ABI info compiled with the following output:
Change Dir: /home/p7810456/p78_testing/rpi-pico/nrf24_demos/ledblink/build/CMakeFiles/CMakeScratch/TryCompile-B4TCMN

Run Build Command(s):/usr/bin/gmake -f Makefile cmTC_6cf98/fast && /usr/bin/gmake  -f CMakeFiles/cmTC_6cf98.dir/build.make CMakeFiles/cmTC_6cf98.dir/build
gmake[1]: Entering directory '/home/p7810456/p78_testing/rpi-pico/nrf24_demos/ledblink/build/CMakeFiles/CMakeScratch/TryCompile-B4TCMN'
Building CXX object CMakeFiles/cmTC_6cf98.dir/CMakeCXXCompilerABI.cpp.obj
/usr/bin/arm-none-eabi-g++   -mcpu=cortex-m0plus -mthumb    -v -o CMakeFiles/cmTC_6cf98.dir/CMakeCXXCompilerABI.cpp.obj -c /home/p7810456/.local/lib/python3.10/site-packages/cmake/data/share/cmake-3.25/Modules/CMakeCXXCompilerABI.cpp
Using built-in specs.
COLLECT_GCC=/usr/bin/arm-none-eabi-g++
Target: arm-none-eabi
Configured with: /data/jenkins/workspace/GNU-toolchain/arm-12-mpacbti/src/gcc/configure --target=arm-none-eabi --prefix=/data/jenkins/workspace/GNU-toolchain/arm-12-mpacbti/build-arm-none-eabi/install --with-gmp=/data/jenkins/workspace/GNU-toolchain/arm-12-mpacbti/build-arm-none-eabi/host-tools --with-mpfr=/data/jenkins/workspace/GNU-toolchain/arm-12-mpacbti/build-arm-none-eabi/host-tools --with-mpc=/data/jenkins/workspace/GNU-toolchain/arm-12-mpacbti/build-arm-none-eabi/host-tools --with-isl=/data/jenkins/workspace/GNU-toolchain/arm-12-mpacbti/build-arm-none-eabi/host-tools --disable-shared --disable-nls --disable-threads --disable-tls --enable-checking=release --enable-languages=c,c++,fortran --with-newlib --with-gnu-as --with-gnu-ld --with-sysroot=/data/jenkins/workspace/GNU-toolchain/arm-12-mpacbti/build-arm-none-eabi/install/arm-none-eabi --with-multilib-list=aprofile,rmprofile --with-pkgversion='Arm GNU Toolchain 12.2.MPACBTI-Rel1 (Build arm-12-mpacbti.34)' --with-bugurl=https://bugs.linaro.org/
Thread model: single
Supported LTO compression algorithms: zlib
gcc version 12.2.1 20230214 (Arm GNU Toolchain 12.2.MPACBTI-Rel1 (Build arm-12-mpacbti.34)) 
COLLECT_GCC_OPTIONS='-mcpu=cortex-m0plus' '-mthumb' '-v' '-o' 'CMakeFiles/cmTC_6cf98.dir/CMakeCXXCompilerABI.cpp.obj' '-c' '-mfloat-abi=soft' '-mlibarch=armv6s-m' '-march=armv6s-m' '-dumpdir' 'CMakeFiles/cmTC_6cf98.dir/'
 /home/p7810456/arm-gnu-toolchain-12.2.mpacbti-rel1-x86_64-arm-none-eabi/bin/../libexec/gcc/arm-none-eabi/12.2.1/cc1plus -quiet -v -imultilib thumb/v6-m/nofp -iprefix /home/p7810456/arm-gnu-toolchain-12.2.mpacbti-rel1-x86_64-arm-none-eabi/bin/../lib/gcc/arm-none-eabi/12.2.1/ -isysroot /home/p7810456/arm-gnu-toolchain-12.2.mpacbti-rel1-x86_64-arm-none-eabi/bin/../arm-none-eabi -D__USES_INITFINI__ /home/p7810456/.local/lib/python3.10/site-packages/cmake/data/share/cmake-3.25/Modules/CMakeCXXCompilerABI.cpp -quiet -dumpdir CMakeFiles/cmTC_6cf98.dir/ -dumpbase CMakeCXXCompilerABI.cpp.cpp -dumpbase-ext .cpp -mcpu=cortex-m0plus -mthumb -mfloat-abi=soft -mlibarch=armv6s-m -march=armv6s-m -version -o /tmp/ccoBXbEK.s
GNU C++17 (Arm GNU Toolchain 12.2.MPACBTI-Rel1 (Build arm-12-mpacbti.34)) version 12.2.1 20230214 (arm-none-eabi)
	compiled by GNU C version 4.8.5 20150623 (Red Hat 4.8.5-44), GMP version 6.2.1, MPFR version 3.1.6, MPC version 1.0.3, isl version isl-0.15-1-g835ea3a-GMP

GGC heuristics: --param ggc-min-expand=100 --param ggc-min-heapsize=131072
ignoring duplicate directory "/home/p7810456/arm-gnu-toolchain-12.2.mpacbti-rel1-x86_64-arm-none-eabi/bin/../lib/gcc/../../lib/gcc/arm-none-eabi/12.2.1/../../../../arm-none-eabi/include/c++/12.2.1"
ignoring duplicate directory "/home/p7810456/arm-gnu-toolchain-12.2.mpacbti-rel1-x86_64-arm-none-eabi/bin/../lib/gcc/../../lib/gcc/arm-none-eabi/12.2.1/../../../../arm-none-eabi/include/c++/12.2.1/arm-none-eabi/thumb/v6-m/nofp"
ignoring duplicate directory "/home/p7810456/arm-gnu-toolchain-12.2.mpacbti-rel1-x86_64-arm-none-eabi/bin/../lib/gcc/../../lib/gcc/arm-none-eabi/12.2.1/../../../../arm-none-eabi/include/c++/12.2.1/backward"
ignoring duplicate directory "/home/p7810456/arm-gnu-toolchain-12.2.mpacbti-rel1-x86_64-arm-none-eabi/bin/../lib/gcc/../../lib/gcc/arm-none-eabi/12.2.1/include"
ignoring nonexistent directory "/home/p7810456/arm-gnu-toolchain-12.2.mpacbti-rel1-x86_64-arm-none-eabi/bin/../arm-none-eabi/usr/local/include"
ignoring duplicate directory "/home/p7810456/arm-gnu-toolchain-12.2.mpacbti-rel1-x86_64-arm-none-eabi/bin/../lib/gcc/../../lib/gcc/arm-none-eabi/12.2.1/include-fixed"
ignoring duplicate directory "/home/p7810456/arm-gnu-toolchain-12.2.mpacbti-rel1-x86_64-arm-none-eabi/bin/../lib/gcc/../../lib/gcc/arm-none-eabi/12.2.1/../../../../arm-none-eabi/include"
ignoring nonexistent directory "/home/p7810456/arm-gnu-toolchain-12.2.mpacbti-rel1-x86_64-arm-none-eabi/bin/../arm-none-eabi/usr/include"
#include "..." search starts here:
#include <...> search starts here:
 /home/p7810456/arm-gnu-toolchain-12.2.mpacbti-rel1-x86_64-arm-none-eabi/bin/../lib/gcc/arm-none-eabi/12.2.1/../../../../arm-none-eabi/include/c++/12.2.1
 /home/p7810456/arm-gnu-toolchain-12.2.mpacbti-rel1-x86_64-arm-none-eabi/bin/../lib/gcc/arm-none-eabi/12.2.1/../../../../arm-none-eabi/include/c++/12.2.1/arm-none-eabi/thumb/v6-m/nofp
 /home/p7810456/arm-gnu-toolchain-12.2.mpacbti-rel1-x86_64-arm-none-eabi/bin/../lib/gcc/arm-none-eabi/12.2.1/../../../../arm-none-eabi/include/c++/12.2.1/backward
 /home/p7810456/arm-gnu-toolchain-12.2.mpacbti-rel1-x86_64-arm-none-eabi/bin/../lib/gcc/arm-none-eabi/12.2.1/include
 /home/p7810456/arm-gnu-toolchain-12.2.mpacbti-rel1-x86_64-arm-none-eabi/bin/../lib/gcc/arm-none-eabi/12.2.1/include-fixed
 /home/p7810456/arm-gnu-toolchain-12.2.mpacbti-rel1-x86_64-arm-none-eabi/bin/../lib/gcc/arm-none-eabi/12.2.1/../../../../arm-none-eabi/include
End of search list.
GNU C++17 (Arm GNU Toolchain 12.2.MPACBTI-Rel1 (Build arm-12-mpacbti.34)) version 12.2.1 20230214 (arm-none-eabi)
	compiled by GNU C version 4.8.5 20150623 (Red Hat 4.8.5-44), GMP version 6.2.1, MPFR version 3.1.6, MPC version 1.0.3, isl version isl-0.15-1-g835ea3a-GMP

GGC heuristics: --param ggc-min-expand=100 --param ggc-min-heapsize=131072
Compiler executable checksum: 5e85f5423081647975190a0162391d5c
COLLECT_GCC_OPTIONS='-mcpu=cortex-m0plus' '-mthumb' '-v' '-o' 'CMakeFiles/cmTC_6cf98.dir/CMakeCXXCompilerABI.cpp.obj' '-c' '-mfloat-abi=soft' '-mlibarch=armv6s-m' '-march=armv6s-m' '-dumpdir' 'CMakeFiles/cmTC_6cf98.dir/'
 /home/p7810456/arm-gnu-toolchain-12.2.mpacbti-rel1-x86_64-arm-none-eabi/bin/../lib/gcc/arm-none-eabi/12.2.1/../../../../arm-none-eabi/bin/as -v -march=armv6s-m -mfloat-abi=soft -meabi=5 -o CMakeFiles/cmTC_6cf98.dir/CMakeCXXCompilerABI.cpp.obj /tmp/ccoBXbEK.s
GNU assembler version 2.40.0 (arm-none-eabi) using BFD version (Arm GNU Toolchain 12.2.MPACBTI-Rel1 (Build arm-12-mpacbti.34)) 2.40.0.20230307
COMPILER_PATH=/home/p7810456/arm-gnu-toolchain-12.2.mpacbti-rel1-x86_64-arm-none-eabi/bin/../libexec/gcc/arm-none-eabi/12.2.1/:/home/p7810456/arm-gnu-toolchain-12.2.mpacbti-rel1-x86_64-arm-none-eabi/bin/../libexec/gcc/:/home/p7810456/arm-gnu-toolchain-12.2.mpacbti-rel1-x86_64-arm-none-eabi/bin/../lib/gcc/arm-none-eabi/12.2.1/../../../../arm-none-eabi/bin/
LIBRARY_PATH=/home/p7810456/arm-gnu-toolchain-12.2.mpacbti-rel1-x86_64-arm-none-eabi/bin/../lib/gcc/arm-none-eabi/12.2.1/thumb/v6-m/nofp/:/home/p7810456/arm-gnu-toolchain-12.2.mpacbti-rel1-x86_64-arm-none-eabi/bin/../lib/gcc/arm-none-eabi/12.2.1/../../../../arm-none-eabi/lib/thumb/v6-m/nofp/:/home/p7810456/arm-gnu-toolchain-12.2.mpacbti-rel1-x86_64-arm-none-eabi/bin/../arm-none-eabi/lib/thumb/v6-m/nofp/:/home/p7810456/arm-gnu-toolchain-12.2.mpacbti-rel1-x86_64-arm-none-eabi/bin/../lib/gcc/arm-none-eabi/12.2.1/:/home/p7810456/arm-gnu-toolchain-12.2.mpacbti-rel1-x86_64-arm-none-eabi/bin/../lib/gcc/:/home/p7810456/arm-gnu-toolchain-12.2.mpacbti-rel1-x86_64-arm-none-eabi/bin/../lib/gcc/arm-none-eabi/12.2.1/../../../../arm-none-eabi/lib/:/home/p7810456/arm-gnu-toolchain-12.2.mpacbti-rel1-x86_64-arm-none-eabi/bin/../arm-none-eabi/lib/
COLLECT_GCC_OPTIONS='-mcpu=cortex-m0plus' '-mthumb' '-v' '-o' 'CMakeFiles/cmTC_6cf98.dir/CMakeCXXCompilerABI.cpp.obj' '-c' '-mfloat-abi=soft' '-mlibarch=armv6s-m' '-march=armv6s-m' '-dumpdir' 'CMakeFiles/cmTC_6cf98.dir/CMakeCXXCompilerABI.cpp.'
Linking CXX executable cmTC_6cf98.elf
/home/p7810456/.local/lib/python3.10/site-packages/cmake/data/bin/cmake -E cmake_link_script CMakeFiles/cmTC_6cf98.dir/link.txt --verbose=1
/usr/bin/arm-none-eabi-g++ -mcpu=cortex-m0plus -mthumb  -Wl,--build-id=none -nostdlib  -v CMakeFiles/cmTC_6cf98.dir/CMakeCXXCompilerABI.cpp.obj -o cmTC_6cf98.elf 
Using built-in specs.
COLLECT_GCC=/usr/bin/arm-none-eabi-g++
COLLECT_LTO_WRAPPER=/home/p7810456/arm-gnu-toolchain-12.2.mpacbti-rel1-x86_64-arm-none-eabi/bin/../libexec/gcc/arm-none-eabi/12.2.1/lto-wrapper
Target: arm-none-eabi
Configured with: /data/jenkins/workspace/GNU-toolchain/arm-12-mpacbti/src/gcc/configure --target=arm-none-eabi --prefix=/data/jenkins/workspace/GNU-toolchain/arm-12-mpacbti/build-arm-none-eabi/install --with-gmp=/data/jenkins/workspace/GNU-toolchain/arm-12-mpacbti/build-arm-none-eabi/host-tools --with-mpfr=/data/jenkins/workspace/GNU-toolchain/arm-12-mpacbti/build-arm-none-eabi/host-tools --with-mpc=/data/jenkins/workspace/GNU-toolchain/arm-12-mpacbti/build-arm-none-eabi/host-tools --with-isl=/data/jenkins/workspace/GNU-toolchain/arm-12-mpacbti/build-arm-none-eabi/host-tools --disable-shared --disable-nls --disable-threads --disable-tls --enable-checking=release --enable-languages=c,c++,fortran --with-newlib --with-gnu-as --with-gnu-ld --with-sysroot=/data/jenkins/workspace/GNU-toolchain/arm-12-mpacbti/build-arm-none-eabi/install/arm-none-eabi --with-multilib-list=aprofile,rmprofile --with-pkgversion='Arm GNU Toolchain 12.2.MPACBTI-Rel1 (Build arm-12-mpacbti.34)' --with-bugurl=https://bugs.linaro.org/
Thread model: single
Supported LTO compression algorithms: zlib
gcc version 12.2.1 20230214 (Arm GNU Toolchain 12.2.MPACBTI-Rel1 (Build arm-12-mpacbti.34)) 
COMPILER_PATH=/home/p7810456/arm-gnu-toolchain-12.2.mpacbti-rel1-x86_64-arm-none-eabi/bin/../libexec/gcc/arm-none-eabi/12.2.1/:/home/p7810456/arm-gnu-toolchain-12.2.mpacbti-rel1-x86_64-arm-none-eabi/bin/../libexec/gcc/:/home/p7810456/arm-gnu-toolchain-12.2.mpacbti-rel1-x86_64-arm-none-eabi/bin/../lib/gcc/arm-none-eabi/12.2.1/../../../../arm-none-eabi/bin/
LIBRARY_PATH=/home/p7810456/arm-gnu-toolchain-12.2.mpacbti-rel1-x86_64-arm-none-eabi/bin/../lib/gcc/arm-none-eabi/12.2.1/thumb/v6-m/nofp/:/home/p7810456/arm-gnu-toolchain-12.2.mpacbti-rel1-x86_64-arm-none-eabi/bin/../lib/gcc/arm-none-eabi/12.2.1/../../../../arm-none-eabi/lib/thumb/v6-m/nofp/:/home/p7810456/arm-gnu-toolchain-12.2.mpacbti-rel1-x86_64-arm-none-eabi/bin/../arm-none-eabi/lib/thumb/v6-m/nofp/:/home/p7810456/arm-gnu-toolchain-12.2.mpacbti-rel1-x86_64-arm-none-eabi/bin/../lib/gcc/arm-none-eabi/12.2.1/:/home/p7810456/arm-gnu-toolchain-12.2.mpacbti-rel1-x86_64-arm-none-eabi/bin/../lib/gcc/:/home/p7810456/arm-gnu-toolchain-12.2.mpacbti-rel1-x86_64-arm-none-eabi/bin/../lib/gcc/arm-none-eabi/12.2.1/../../../../arm-none-eabi/lib/:/home/p7810456/arm-gnu-toolchain-12.2.mpacbti-rel1-x86_64-arm-none-eabi/bin/../arm-none-eabi/lib/
COLLECT_GCC_OPTIONS='-mcpu=cortex-m0plus' '-mthumb' '-nostdlib' '-v' '-o' 'cmTC_6cf98.elf' '-mfloat-abi=soft' '-mlibarch=armv6s-m' '-march=armv6s-m' '-dumpdir' 'cmTC_6cf98.elf.'
 /home/p7810456/arm-gnu-toolchain-12.2.mpacbti-rel1-x86_64-arm-none-eabi/bin/../libexec/gcc/arm-none-eabi/12.2.1/collect2 -plugin /home/p7810456/arm-gnu-toolchain-12.2.mpacbti-rel1-x86_64-arm-none-eabi/bin/../libexec/gcc/arm-none-eabi/12.2.1/liblto_plugin.so -plugin-opt=/home/p7810456/arm-gnu-toolchain-12.2.mpacbti-rel1-x86_64-arm-none-eabi/bin/../libexec/gcc/arm-none-eabi/12.2.1/lto-wrapper -plugin-opt=-fresolution=/tmp/ccAGuXU5.res --sysroot=/home/p7810456/arm-gnu-toolchain-12.2.mpacbti-rel1-x86_64-arm-none-eabi/bin/../arm-none-eabi -X -o cmTC_6cf98.elf -L/home/p7810456/arm-gnu-toolchain-12.2.mpacbti-rel1-x86_64-arm-none-eabi/bin/../lib/gcc/arm-none-eabi/12.2.1/thumb/v6-m/nofp -L/home/p7810456/arm-gnu-toolchain-12.2.mpacbti-rel1-x86_64-arm-none-eabi/bin/../lib/gcc/arm-none-eabi/12.2.1/../../../../arm-none-eabi/lib/thumb/v6-m/nofp -L/home/p7810456/arm-gnu-toolchain-12.2.mpacbti-rel1-x86_64-arm-none-eabi/bin/../arm-none-eabi/lib/thumb/v6-m/nofp -L/home/p7810456/arm-gnu-toolchain-12.2.mpacbti-rel1-x86_64-arm-none-eabi/bin/../lib/gcc/arm-none-eabi/12.2.1 -L/home/p7810456/arm-gnu-toolchain-12.2.mpacbti-rel1-x86_64-arm-none-eabi/bin/../lib/gcc -L/home/p7810456/arm-gnu-toolchain-12.2.mpacbti-rel1-x86_64-arm-none-eabi/bin/../lib/gcc/arm-none-eabi/12.2.1/../../../../arm-none-eabi/lib -L/home/p7810456/arm-gnu-toolchain-12.2.mpacbti-rel1-x86_64-arm-none-eabi/bin/../arm-none-eabi/lib --build-id=none CMakeFiles/cmTC_6cf98.dir/CMakeCXXCompilerABI.cpp.obj
/home/p7810456/arm-gnu-toolchain-12.2.mpacbti-rel1-x86_64-arm-none-eabi/bin/../lib/gcc/arm-none-eabi/12.2.1/../../../../arm-none-eabi/bin/ld: warning: cannot find entry symbol _start; defaulting to 00008000
COLLECT_GCC_OPTIONS='-mcpu=cortex-m0plus' '-mthumb' '-nostdlib' '-v' '-o' 'cmTC_6cf98.elf' '-mfloat-abi=soft' '-mlibarch=armv6s-m' '-march=armv6s-m' '-dumpdir' 'cmTC_6cf98.elf.'
gmake[1]: Leaving directory '/home/p7810456/p78_testing/rpi-pico/nrf24_demos/ledblink/build/CMakeFiles/CMakeScratch/TryCompile-B4TCMN'



Parsed CXX implicit include dir info from above output: rv=done
  found start of include info
  found start of implicit include info
    add: [/home/p7810456/arm-gnu-toolchain-12.2.mpacbti-rel1-x86_64-arm-none-eabi/bin/../lib/gcc/arm-none-eabi/12.2.1/../../../../arm-none-eabi/include/c++/12.2.1]
    add: [/home/p7810456/arm-gnu-toolchain-12.2.mpacbti-rel1-x86_64-arm-none-eabi/bin/../lib/gcc/arm-none-eabi/12.2.1/../../../../arm-none-eabi/include/c++/12.2.1/arm-none-eabi/thumb/v6-m/nofp]
    add: [/home/p7810456/arm-gnu-toolchain-12.2.mpacbti-rel1-x86_64-arm-none-eabi/bin/../lib/gcc/arm-none-eabi/12.2.1/../../../../arm-none-eabi/include/c++/12.2.1/backward]
    add: [/home/p7810456/arm-gnu-toolchain-12.2.mpacbti-rel1-x86_64-arm-none-eabi/bin/../lib/gcc/arm-none-eabi/12.2.1/include]
    add: [/home/p7810456/arm-gnu-toolchain-12.2.mpacbti-rel1-x86_64-arm-none-eabi/bin/../lib/gcc/arm-none-eabi/12.2.1/include-fixed]
    add: [/home/p7810456/arm-gnu-toolchain-12.2.mpacbti-rel1-x86_64-arm-none-eabi/bin/../lib/gcc/arm-none-eabi/12.2.1/../../../../arm-none-eabi/include]
  end of search list found
  collapse include dir [/home/p7810456/arm-gnu-toolchain-12.2.mpacbti-rel1-x86_64-arm-none-eabi/bin/../lib/gcc/arm-none-eabi/12.2.1/../../../../arm-none-eabi/include/c++/12.2.1] ==> [/home/p7810456/arm-gnu-toolchain-12.2.mpacbti-rel1-x86_64-arm-none-eabi/arm-none-eabi/include/c++/12.2.1]
  collapse include dir [/home/p7810456/arm-gnu-toolchain-12.2.mpacbti-rel1-x86_64-arm-none-eabi/bin/../lib/gcc/arm-none-eabi/12.2.1/../../../../arm-none-eabi/include/c++/12.2.1/arm-none-eabi/thumb/v6-m/nofp] ==> [/home/p7810456/arm-gnu-toolchain-12.2.mpacbti-rel1-x86_64-arm-none-eabi/arm-none-eabi/include/c++/12.2.1/arm-none-eabi/thumb/v6-m/nofp]
  collapse include dir [/home/p7810456/arm-gnu-toolchain-12.2.mpacbti-rel1-x86_64-arm-none-eabi/bin/../lib/gcc/arm-none-eabi/12.2.1/../../../../arm-none-eabi/include/c++/12.2.1/backward] ==> [/home/p7810456/arm-gnu-toolchain-12.2.mpacbti-rel1-x86_64-arm-none-eabi/arm-none-eabi/include/c++/12.2.1/backward]
  collapse include dir [/home/p7810456/arm-gnu-toolchain-12.2.mpacbti-rel1-x86_64-arm-none-eabi/bin/../lib/gcc/arm-none-eabi/12.2.1/include] ==> [/home/p7810456/arm-gnu-toolchain-12.2.mpacbti-rel1-x86_64-arm-none-eabi/lib/gcc/arm-none-eabi/12.2.1/include]
  collapse include dir [/home/p7810456/arm-gnu-toolchain-12.2.mpacbti-rel1-x86_64-arm-none-eabi/bin/../lib/gcc/arm-none-eabi/12.2.1/include-fixed] ==> [/home/p7810456/arm-gnu-toolchain-12.2.mpacbti-rel1-x86_64-arm-none-eabi/lib/gcc/arm-none-eabi/12.2.1/include-fixed]
  collapse include dir [/home/p7810456/arm-gnu-toolchain-12.2.mpacbti-rel1-x86_64-arm-none-eabi/bin/../lib/gcc/arm-none-eabi/12.2.1/../../../../arm-none-eabi/include] ==> [/home/p7810456/arm-gnu-toolchain-12.2.mpacbti-rel1-x86_64-arm-none-eabi/arm-none-eabi/include]
  implicit include dirs: [/home/p7810456/arm-gnu-toolchain-12.2.mpacbti-rel1-x86_64-arm-none-eabi/arm-none-eabi/include/c++/12.2.1;/home/p7810456/arm-gnu-toolchain-12.2.mpacbti-rel1-x86_64-arm-none-eabi/arm-none-eabi/include/c++/12.2.1/arm-none-eabi/thumb/v6-m/nofp;/home/p7810456/arm-gnu-toolchain-12.2.mpacbti-rel1-x86_64-arm-none-eabi/arm-none-eabi/include/c++/12.2.1/backward;/home/p7810456/arm-gnu-toolchain-12.2.mpacbti-rel1-x86_64-arm-none-eabi/lib/gcc/arm-none-eabi/12.2.1/include;/home/p7810456/arm-gnu-toolchain-12.2.mpacbti-rel1-x86_64-arm-none-eabi/lib/gcc/arm-none-eabi/12.2.1/include-fixed;/home/p7810456/arm-gnu-toolchain-12.2.mpacbti-rel1-x86_64-arm-none-eabi/arm-none-eabi/include]


Parsed CXX implicit link information from above output:
  link line regex: [^( *|.*[/\])(arm-none-eabi-ld|CMAKE_LINK_STARTFILE-NOTFOUND|([^/\]+-)?ld|collect2)[^/\]*( |$)]
  ignore line: [Change Dir: /home/p7810456/p78_testing/rpi-pico/nrf24_demos/ledblink/build/CMakeFiles/CMakeScratch/TryCompile-B4TCMN]
  ignore line: []
  ignore line: [Run Build Command(s):/usr/bin/gmake -f Makefile cmTC_6cf98/fast && /usr/bin/gmake  -f CMakeFiles/cmTC_6cf98.dir/build.make CMakeFiles/cmTC_6cf98.dir/build]
  ignore line: [gmake[1]: Entering directory '/home/p7810456/p78_testing/rpi-pico/nrf24_demos/ledblink/build/CMakeFiles/CMakeScratch/TryCompile-B4TCMN']
  ignore line: [Building CXX object CMakeFiles/cmTC_6cf98.dir/CMakeCXXCompilerABI.cpp.obj]
  ignore line: [/usr/bin/arm-none-eabi-g++   -mcpu=cortex-m0plus -mthumb    -v -o CMakeFiles/cmTC_6cf98.dir/CMakeCXXCompilerABI.cpp.obj -c /home/p7810456/.local/lib/python3.10/site-packages/cmake/data/share/cmake-3.25/Modules/CMakeCXXCompilerABI.cpp]
  ignore line: [Using built-in specs.]
  ignore line: [COLLECT_GCC=/usr/bin/arm-none-eabi-g++]
  ignore line: [Target: arm-none-eabi]
  ignore line: [Configured with: /data/jenkins/workspace/GNU-toolchain/arm-12-mpacbti/src/gcc/configure --target=arm-none-eabi --prefix=/data/jenkins/workspace/GNU-toolchain/arm-12-mpacbti/build-arm-none-eabi/install --with-gmp=/data/jenkins/workspace/GNU-toolchain/arm-12-mpacbti/build-arm-none-eabi/host-tools --with-mpfr=/data/jenkins/workspace/GNU-toolchain/arm-12-mpacbti/build-arm-none-eabi/host-tools --with-mpc=/data/jenkins/workspace/GNU-toolchain/arm-12-mpacbti/build-arm-none-eabi/host-tools --with-isl=/data/jenkins/workspace/GNU-toolchain/arm-12-mpacbti/build-arm-none-eabi/host-tools --disable-shared --disable-nls --disable-threads --disable-tls --enable-checking=release --enable-languages=c,c++,fortran --with-newlib --with-gnu-as --with-gnu-ld --with-sysroot=/data/jenkins/workspace/GNU-toolchain/arm-12-mpacbti/build-arm-none-eabi/install/arm-none-eabi --with-multilib-list=aprofile,rmprofile --with-pkgversion='Arm GNU Toolchain 12.2.MPACBTI-Rel1 (Build arm-12-mpacbti.34)' --with-bugurl=https://bugs.linaro.org/]
  ignore line: [Thread model: single]
  ignore line: [Supported LTO compression algorithms: zlib]
  ignore line: [gcc version 12.2.1 20230214 (Arm GNU Toolchain 12.2.MPACBTI-Rel1 (Build arm-12-mpacbti.34)) ]
  ignore line: [COLLECT_GCC_OPTIONS='-mcpu=cortex-m0plus' '-mthumb' '-v' '-o' 'CMakeFiles/cmTC_6cf98.dir/CMakeCXXCompilerABI.cpp.obj' '-c' '-mfloat-abi=soft' '-mlibarch=armv6s-m' '-march=armv6s-m' '-dumpdir' 'CMakeFiles/cmTC_6cf98.dir/']
  ignore line: [ /home/p7810456/arm-gnu-toolchain-12.2.mpacbti-rel1-x86_64-arm-none-eabi/bin/../libexec/gcc/arm-none-eabi/12.2.1/cc1plus -quiet -v -imultilib thumb/v6-m/nofp -iprefix /home/p7810456/arm-gnu-toolchain-12.2.mpacbti-rel1-x86_64-arm-none-eabi/bin/../lib/gcc/arm-none-eabi/12.2.1/ -isysroot /home/p7810456/arm-gnu-toolchain-12.2.mpacbti-rel1-x86_64-arm-none-eabi/bin/../arm-none-eabi -D__USES_INITFINI__ /home/p7810456/.local/lib/python3.10/site-packages/cmake/data/share/cmake-3.25/Modules/CMakeCXXCompilerABI.cpp -quiet -dumpdir CMakeFiles/cmTC_6cf98.dir/ -dumpbase CMakeCXXCompilerABI.cpp.cpp -dumpbase-ext .cpp -mcpu=cortex-m0plus -mthumb -mfloat-abi=soft -mlibarch=armv6s-m -march=armv6s-m -version -o /tmp/ccoBXbEK.s]
  ignore line: [GNU C++17 (Arm GNU Toolchain 12.2.MPACBTI-Rel1 (Build arm-12-mpacbti.34)) version 12.2.1 20230214 (arm-none-eabi)]
  ignore line: [	compiled by GNU C version 4.8.5 20150623 (Red Hat 4.8.5-44)  GMP version 6.2.1  MPFR version 3.1.6  MPC version 1.0.3  isl version isl-0.15-1-g835ea3a-GMP]
  ignore line: []
  ignore line: [GGC heuristics: --param ggc-min-expand=100 --param ggc-min-heapsize=131072]
  ignore line: [ignoring duplicate directory "/home/p7810456/arm-gnu-toolchain-12.2.mpacbti-rel1-x86_64-arm-none-eabi/bin/../lib/gcc/../../lib/gcc/arm-none-eabi/12.2.1/../../../../arm-none-eabi/include/c++/12.2.1"]
  ignore line: [ignoring duplicate directory "/home/p7810456/arm-gnu-toolchain-12.2.mpacbti-rel1-x86_64-arm-none-eabi/bin/../lib/gcc/../../lib/gcc/arm-none-eabi/12.2.1/../../../../arm-none-eabi/include/c++/12.2.1/arm-none-eabi/thumb/v6-m/nofp"]
  ignore line: [ignoring duplicate directory "/home/p7810456/arm-gnu-toolchain-12.2.mpacbti-rel1-x86_64-arm-none-eabi/bin/../lib/gcc/../../lib/gcc/arm-none-eabi/12.2.1/../../../../arm-none-eabi/include/c++/12.2.1/backward"]
  ignore line: [ignoring duplicate directory "/home/p7810456/arm-gnu-toolchain-12.2.mpacbti-rel1-x86_64-arm-none-eabi/bin/../lib/gcc/../../lib/gcc/arm-none-eabi/12.2.1/include"]
  ignore line: [ignoring nonexistent directory "/home/p7810456/arm-gnu-toolchain-12.2.mpacbti-rel1-x86_64-arm-none-eabi/bin/../arm-none-eabi/usr/local/include"]
  ignore line: [ignoring duplicate directory "/home/p7810456/arm-gnu-toolchain-12.2.mpacbti-rel1-x86_64-arm-none-eabi/bin/../lib/gcc/../../lib/gcc/arm-none-eabi/12.2.1/include-fixed"]
  ignore line: [ignoring duplicate directory "/home/p7810456/arm-gnu-toolchain-12.2.mpacbti-rel1-x86_64-arm-none-eabi/bin/../lib/gcc/../../lib/gcc/arm-none-eabi/12.2.1/../../../../arm-none-eabi/include"]
  ignore line: [ignoring nonexistent directory "/home/p7810456/arm-gnu-toolchain-12.2.mpacbti-rel1-x86_64-arm-none-eabi/bin/../arm-none-eabi/usr/include"]
  ignore line: [#include "..." search starts here:]
  ignore line: [#include <...> search starts here:]
  ignore line: [ /home/p7810456/arm-gnu-toolchain-12.2.mpacbti-rel1-x86_64-arm-none-eabi/bin/../lib/gcc/arm-none-eabi/12.2.1/../../../../arm-none-eabi/include/c++/12.2.1]
  ignore line: [ /home/p7810456/arm-gnu-toolchain-12.2.mpacbti-rel1-x86_64-arm-none-eabi/bin/../lib/gcc/arm-none-eabi/12.2.1/../../../../arm-none-eabi/include/c++/12.2.1/arm-none-eabi/thumb/v6-m/nofp]
  ignore line: [ /home/p7810456/arm-gnu-toolchain-12.2.mpacbti-rel1-x86_64-arm-none-eabi/bin/../lib/gcc/arm-none-eabi/12.2.1/../../../../arm-none-eabi/include/c++/12.2.1/backward]
  ignore line: [ /home/p7810456/arm-gnu-toolchain-12.2.mpacbti-rel1-x86_64-arm-none-eabi/bin/../lib/gcc/arm-none-eabi/12.2.1/include]
  ignore line: [ /home/p7810456/arm-gnu-toolchain-12.2.mpacbti-rel1-x86_64-arm-none-eabi/bin/../lib/gcc/arm-none-eabi/12.2.1/include-fixed]
  ignore line: [ /home/p7810456/arm-gnu-toolchain-12.2.mpacbti-rel1-x86_64-arm-none-eabi/bin/../lib/gcc/arm-none-eabi/12.2.1/../../../../arm-none-eabi/include]
  ignore line: [End of search list.]
  ignore line: [GNU C++17 (Arm GNU Toolchain 12.2.MPACBTI-Rel1 (Build arm-12-mpacbti.34)) version 12.2.1 20230214 (arm-none-eabi)]
  ignore line: [	compiled by GNU C version 4.8.5 20150623 (Red Hat 4.8.5-44)  GMP version 6.2.1  MPFR version 3.1.6  MPC version 1.0.3  isl version isl-0.15-1-g835ea3a-GMP]
  ignore line: []
  ignore line: [GGC heuristics: --param ggc-min-expand=100 --param ggc-min-heapsize=131072]
  ignore line: [Compiler executable checksum: 5e85f5423081647975190a0162391d5c]
  ignore line: [COLLECT_GCC_OPTIONS='-mcpu=cortex-m0plus' '-mthumb' '-v' '-o' 'CMakeFiles/cmTC_6cf98.dir/CMakeCXXCompilerABI.cpp.obj' '-c' '-mfloat-abi=soft' '-mlibarch=armv6s-m' '-march=armv6s-m' '-dumpdir' 'CMakeFiles/cmTC_6cf98.dir/']
  ignore line: [ /home/p7810456/arm-gnu-toolchain-12.2.mpacbti-rel1-x86_64-arm-none-eabi/bin/../lib/gcc/arm-none-eabi/12.2.1/../../../../arm-none-eabi/bin/as -v -march=armv6s-m -mfloat-abi=soft -meabi=5 -o CMakeFiles/cmTC_6cf98.dir/CMakeCXXCompilerABI.cpp.obj /tmp/ccoBXbEK.s]
  ignore line: [GNU assembler version 2.40.0 (arm-none-eabi) using BFD version (Arm GNU Toolchain 12.2.MPACBTI-Rel1 (Build arm-12-mpacbti.34)) 2.40.0.20230307]
  ignore line: [COMPILER_PATH=/home/p7810456/arm-gnu-toolchain-12.2.mpacbti-rel1-x86_64-arm-none-eabi/bin/../libexec/gcc/arm-none-eabi/12.2.1/:/home/p7810456/arm-gnu-toolchain-12.2.mpacbti-rel1-x86_64-arm-none-eabi/bin/../libexec/gcc/:/home/p7810456/arm-gnu-toolchain-12.2.mpacbti-rel1-x86_64-arm-none-eabi/bin/../lib/gcc/arm-none-eabi/12.2.1/../../../../arm-none-eabi/bin/]
  ignore line: [LIBRARY_PATH=/home/p7810456/arm-gnu-toolchain-12.2.mpacbti-rel1-x86_64-arm-none-eabi/bin/../lib/gcc/arm-none-eabi/12.2.1/thumb/v6-m/nofp/:/home/p7810456/arm-gnu-toolchain-12.2.mpacbti-rel1-x86_64-arm-none-eabi/bin/../lib/gcc/arm-none-eabi/12.2.1/../../../../arm-none-eabi/lib/thumb/v6-m/nofp/:/home/p7810456/arm-gnu-toolchain-12.2.mpacbti-rel1-x86_64-arm-none-eabi/bin/../arm-none-eabi/lib/thumb/v6-m/nofp/:/home/p7810456/arm-gnu-toolchain-12.2.mpacbti-rel1-x86_64-arm-none-eabi/bin/../lib/gcc/arm-none-eabi/12.2.1/:/home/p7810456/arm-gnu-toolchain-12.2.mpacbti-rel1-x86_64-arm-none-eabi/bin/../lib/gcc/:/home/p7810456/arm-gnu-toolchain-12.2.mpacbti-rel1-x86_64-arm-none-eabi/bin/../lib/gcc/arm-none-eabi/12.2.1/../../../../arm-none-eabi/lib/:/home/p7810456/arm-gnu-toolchain-12.2.mpacbti-rel1-x86_64-arm-none-eabi/bin/../arm-none-eabi/lib/]
  ignore line: [COLLECT_GCC_OPTIONS='-mcpu=cortex-m0plus' '-mthumb' '-v' '-o' 'CMakeFiles/cmTC_6cf98.dir/CMakeCXXCompilerABI.cpp.obj' '-c' '-mfloat-abi=soft' '-mlibarch=armv6s-m' '-march=armv6s-m' '-dumpdir' 'CMakeFiles/cmTC_6cf98.dir/CMakeCXXCompilerABI.cpp.']
  ignore line: [Linking CXX executable cmTC_6cf98.elf]
  ignore line: [/home/p7810456/.local/lib/python3.10/site-packages/cmake/data/bin/cmake -E cmake_link_script CMakeFiles/cmTC_6cf98.dir/link.txt --verbose=1]
  ignore line: [/usr/bin/arm-none-eabi-g++ -mcpu=cortex-m0plus -mthumb  -Wl --build-id=none -nostdlib  -v CMakeFiles/cmTC_6cf98.dir/CMakeCXXCompilerABI.cpp.obj -o cmTC_6cf98.elf ]
  ignore line: [Using built-in specs.]
  ignore line: [COLLECT_GCC=/usr/bin/arm-none-eabi-g++]
  ignore line: [COLLECT_LTO_WRAPPER=/home/p7810456/arm-gnu-toolchain-12.2.mpacbti-rel1-x86_64-arm-none-eabi/bin/../libexec/gcc/arm-none-eabi/12.2.1/lto-wrapper]
  ignore line: [Target: arm-none-eabi]
  ignore line: [Configured with: /data/jenkins/workspace/GNU-toolchain/arm-12-mpacbti/src/gcc/configure --target=arm-none-eabi --prefix=/data/jenkins/workspace/GNU-toolchain/arm-12-mpacbti/build-arm-none-eabi/install --with-gmp=/data/jenkins/workspace/GNU-toolchain/arm-12-mpacbti/build-arm-none-eabi/host-tools --with-mpfr=/data/jenkins/workspace/GNU-toolchain/arm-12-mpacbti/build-arm-none-eabi/host-tools --with-mpc=/data/jenkins/workspace/GNU-toolchain/arm-12-mpacbti/build-arm-none-eabi/host-tools --with-isl=/data/jenkins/workspace/GNU-toolchain/arm-12-mpacbti/build-arm-none-eabi/host-tools --disable-shared --disable-nls --disable-threads --disable-tls --enable-checking=release --enable-languages=c,c++,fortran --with-newlib --with-gnu-as --with-gnu-ld --with-sysroot=/data/jenkins/workspace/GNU-toolchain/arm-12-mpacbti/build-arm-none-eabi/install/arm-none-eabi --with-multilib-list=aprofile,rmprofile --with-pkgversion='Arm GNU Toolchain 12.2.MPACBTI-Rel1 (Build arm-12-mpacbti.34)' --with-bugurl=https://bugs.linaro.org/]
  ignore line: [Thread model: single]
  ignore line: [Supported LTO compression algorithms: zlib]
  ignore line: [gcc version 12.2.1 20230214 (Arm GNU Toolchain 12.2.MPACBTI-Rel1 (Build arm-12-mpacbti.34)) ]
  ignore line: [COMPILER_PATH=/home/p7810456/arm-gnu-toolchain-12.2.mpacbti-rel1-x86_64-arm-none-eabi/bin/../libexec/gcc/arm-none-eabi/12.2.1/:/home/p7810456/arm-gnu-toolchain-12.2.mpacbti-rel1-x86_64-arm-none-eabi/bin/../libexec/gcc/:/home/p7810456/arm-gnu-toolchain-12.2.mpacbti-rel1-x86_64-arm-none-eabi/bin/../lib/gcc/arm-none-eabi/12.2.1/../../../../arm-none-eabi/bin/]
  ignore line: [LIBRARY_PATH=/home/p7810456/arm-gnu-toolchain-12.2.mpacbti-rel1-x86_64-arm-none-eabi/bin/../lib/gcc/arm-none-eabi/12.2.1/thumb/v6-m/nofp/:/home/p7810456/arm-gnu-toolchain-12.2.mpacbti-rel1-x86_64-arm-none-eabi/bin/../lib/gcc/arm-none-eabi/12.2.1/../../../../arm-none-eabi/lib/thumb/v6-m/nofp/:/home/p7810456/arm-gnu-toolchain-12.2.mpacbti-rel1-x86_64-arm-none-eabi/bin/../arm-none-eabi/lib/thumb/v6-m/nofp/:/home/p7810456/arm-gnu-toolchain-12.2.mpacbti-rel1-x86_64-arm-none-eabi/bin/../lib/gcc/arm-none-eabi/12.2.1/:/home/p7810456/arm-gnu-toolchain-12.2.mpacbti-rel1-x86_64-arm-none-eabi/bin/../lib/gcc/:/home/p7810456/arm-gnu-toolchain-12.2.mpacbti-rel1-x86_64-arm-none-eabi/bin/../lib/gcc/arm-none-eabi/12.2.1/../../../../arm-none-eabi/lib/:/home/p7810456/arm-gnu-toolchain-12.2.mpacbti-rel1-x86_64-arm-none-eabi/bin/../arm-none-eabi/lib/]
  ignore line: [COLLECT_GCC_OPTIONS='-mcpu=cortex-m0plus' '-mthumb' '-nostdlib' '-v' '-o' 'cmTC_6cf98.elf' '-mfloat-abi=soft' '-mlibarch=armv6s-m' '-march=armv6s-m' '-dumpdir' 'cmTC_6cf98.elf.']
  link line: [ /home/p7810456/arm-gnu-toolchain-12.2.mpacbti-rel1-x86_64-arm-none-eabi/bin/../libexec/gcc/arm-none-eabi/12.2.1/collect2 -plugin /home/p7810456/arm-gnu-toolchain-12.2.mpacbti-rel1-x86_64-arm-none-eabi/bin/../libexec/gcc/arm-none-eabi/12.2.1/liblto_plugin.so -plugin-opt=/home/p7810456/arm-gnu-toolchain-12.2.mpacbti-rel1-x86_64-arm-none-eabi/bin/../libexec/gcc/arm-none-eabi/12.2.1/lto-wrapper -plugin-opt=-fresolution=/tmp/ccAGuXU5.res --sysroot=/home/p7810456/arm-gnu-toolchain-12.2.mpacbti-rel1-x86_64-arm-none-eabi/bin/../arm-none-eabi -X -o cmTC_6cf98.elf -L/home/p7810456/arm-gnu-toolchain-12.2.mpacbti-rel1-x86_64-arm-none-eabi/bin/../lib/gcc/arm-none-eabi/12.2.1/thumb/v6-m/nofp -L/home/p7810456/arm-gnu-toolchain-12.2.mpacbti-rel1-x86_64-arm-none-eabi/bin/../lib/gcc/arm-none-eabi/12.2.1/../../../../arm-none-eabi/lib/thumb/v6-m/nofp -L/home/p7810456/arm-gnu-toolchain-12.2.mpacbti-rel1-x86_64-arm-none-eabi/bin/../arm-none-eabi/lib/thumb/v6-m/nofp -L/home/p7810456/arm-gnu-toolchain-12.2.mpacbti-rel1-x86_64-arm-none-eabi/bin/../lib/gcc/arm-none-eabi/12.2.1 -L/home/p7810456/arm-gnu-toolchain-12.2.mpacbti-rel1-x86_64-arm-none-eabi/bin/../lib/gcc -L/home/p7810456/arm-gnu-toolchain-12.2.mpacbti-rel1-x86_64-arm-none-eabi/bin/../lib/gcc/arm-none-eabi/12.2.1/../../../../arm-none-eabi/lib -L/home/p7810456/arm-gnu-toolchain-12.2.mpacbti-rel1-x86_64-arm-none-eabi/bin/../arm-none-eabi/lib --build-id=none CMakeFiles/cmTC_6cf98.dir/CMakeCXXCompilerABI.cpp.obj]
    arg [/home/p7810456/arm-gnu-toolchain-12.2.mpacbti-rel1-x86_64-arm-none-eabi/bin/../libexec/gcc/arm-none-eabi/12.2.1/collect2] ==> ignore
    arg [-plugin] ==> ignore
    arg [/home/p7810456/arm-gnu-toolchain-12.2.mpacbti-rel1-x86_64-arm-none-eabi/bin/../libexec/gcc/arm-none-eabi/12.2.1/liblto_plugin.so] ==> ignore
    arg [-plugin-opt=/home/p7810456/arm-gnu-toolchain-12.2.mpacbti-rel1-x86_64-arm-none-eabi/bin/../libexec/gcc/arm-none-eabi/12.2.1/lto-wrapper] ==> ignore
    arg [-plugin-opt=-fresolution=/tmp/ccAGuXU5.res] ==> ignore
    arg [--sysroot=/home/p7810456/arm-gnu-toolchain-12.2.mpacbti-rel1-x86_64-arm-none-eabi/bin/../arm-none-eabi] ==> ignore
    arg [-X] ==> ignore
    arg [-o] ==> ignore
    arg [cmTC_6cf98.elf] ==> ignore
    arg [-L/home/p7810456/arm-gnu-toolchain-12.2.mpacbti-rel1-x86_64-arm-none-eabi/bin/../lib/gcc/arm-none-eabi/12.2.1/thumb/v6-m/nofp] ==> dir [/home/p7810456/arm-gnu-toolchain-12.2.mpacbti-rel1-x86_64-arm-none-eabi/bin/../lib/gcc/arm-none-eabi/12.2.1/thumb/v6-m/nofp]
    arg [-L/home/p7810456/arm-gnu-toolchain-12.2.mpacbti-rel1-x86_64-arm-none-eabi/bin/../lib/gcc/arm-none-eabi/12.2.1/../../../../arm-none-eabi/lib/thumb/v6-m/nofp] ==> dir [/home/p7810456/arm-gnu-toolchain-12.2.mpacbti-rel1-x86_64-arm-none-eabi/bin/../lib/gcc/arm-none-eabi/12.2.1/../../../../arm-none-eabi/lib/thumb/v6-m/nofp]
    arg [-L/home/p7810456/arm-gnu-toolchain-12.2.mpacbti-rel1-x86_64-arm-none-eabi/bin/../arm-none-eabi/lib/thumb/v6-m/nofp] ==> dir [/home/p7810456/arm-gnu-toolchain-12.2.mpacbti-rel1-x86_64-arm-none-eabi/bin/../arm-none-eabi/lib/thumb/v6-m/nofp]
    arg [-L/home/p7810456/arm-gnu-toolchain-12.2.mpacbti-rel1-x86_64-arm-none-eabi/bin/../lib/gcc/arm-none-eabi/12.2.1] ==> dir [/home/p7810456/arm-gnu-toolchain-12.2.mpacbti-rel1-x86_64-arm-none-eabi/bin/../lib/gcc/arm-none-eabi/12.2.1]
    arg [-L/home/p7810456/arm-gnu-toolchain-12.2.mpacbti-rel1-x86_64-arm-none-eabi/bin/../lib/gcc] ==> dir [/home/p7810456/arm-gnu-toolchain-12.2.mpacbti-rel1-x86_64-arm-none-eabi/bin/../lib/gcc]
    arg [-L/home/p7810456/arm-gnu-toolchain-12.2.mpacbti-rel1-x86_64-arm-none-eabi/bin/../lib/gcc/arm-none-eabi/12.2.1/../../../../arm-none-eabi/lib] ==> dir [/home/p7810456/arm-gnu-toolchain-12.2.mpacbti-rel1-x86_64-arm-none-eabi/bin/../lib/gcc/arm-none-eabi/12.2.1/../../../../arm-none-eabi/lib]
    arg [-L/home/p7810456/arm-gnu-toolchain-12.2.mpacbti-rel1-x86_64-arm-none-eabi/bin/../arm-none-eabi/lib] ==> dir [/home/p7810456/arm-gnu-toolchain-12.2.mpacbti-rel1-x86_64-arm-none-eabi/bin/../arm-none-eabi/lib]
    arg [--build-id=none] ==> ignore
    arg [CMakeFiles/cmTC_6cf98.dir/CMakeCXXCompilerABI.cpp.obj] ==> ignore
  collapse library dir [/home/p7810456/arm-gnu-toolchain-12.2.mpacbti-rel1-x86_64-arm-none-eabi/bin/../lib/gcc/arm-none-eabi/12.2.1/thumb/v6-m/nofp] ==> [/home/p7810456/arm-gnu-toolchain-12.2.mpacbti-rel1-x86_64-arm-none-eabi/lib/gcc/arm-none-eabi/12.2.1/thumb/v6-m/nofp]
  collapse library dir [/home/p7810456/arm-gnu-toolchain-12.2.mpacbti-rel1-x86_64-arm-none-eabi/bin/../lib/gcc/arm-none-eabi/12.2.1/../../../../arm-none-eabi/lib/thumb/v6-m/nofp] ==> [/home/p7810456/arm-gnu-toolchain-12.2.mpacbti-rel1-x86_64-arm-none-eabi/arm-none-eabi/lib/thumb/v6-m/nofp]
  collapse library dir [/home/p7810456/arm-gnu-toolchain-12.2.mpacbti-rel1-x86_64-arm-none-eabi/bin/../arm-none-eabi/lib/thumb/v6-m/nofp] ==> [/home/p7810456/arm-gnu-toolchain-12.2.mpacbti-rel1-x86_64-arm-none-eabi/arm-none-eabi/lib/thumb/v6-m/nofp]
  collapse library dir [/home/p7810456/arm-gnu-toolchain-12.2.mpacbti-rel1-x86_64-arm-none-eabi/bin/../lib/gcc/arm-none-eabi/12.2.1] ==> [/home/p7810456/arm-gnu-toolchain-12.2.mpacbti-rel1-x86_64-arm-none-eabi/lib/gcc/arm-none-eabi/12.2.1]
  collapse library dir [/home/p7810456/arm-gnu-toolchain-12.2.mpacbti-rel1-x86_64-arm-none-eabi/bin/../lib/gcc] ==> [/home/p7810456/arm-gnu-toolchain-12.2.mpacbti-rel1-x86_64-arm-none-eabi/lib/gcc]
  collapse library dir [/home/p7810456/arm-gnu-toolchain-12.2.mpacbti-rel1-x86_64-arm-none-eabi/bin/../lib/gcc/arm-none-eabi/12.2.1/../../../../arm-none-eabi/lib] ==> [/home/p7810456/arm-gnu-toolchain-12.2.mpacbti-rel1-x86_64-arm-none-eabi/arm-none-eabi/lib]
  collapse library dir [/home/p7810456/arm-gnu-toolchain-12.2.mpacbti-rel1-x86_64-arm-none-eabi/bin/../arm-none-eabi/lib] ==> [/home/p7810456/arm-gnu-toolchain-12.2.mpacbti-rel1-x86_64-arm-none-eabi/arm-none-eabi/lib]
  implicit libs: []
  implicit objs: []
  implicit dirs: [/home/p7810456/arm-gnu-toolchain-12.2.mpacbti-rel1-x86_64-arm-none-eabi/lib/gcc/arm-none-eabi/12.2.1/thumb/v6-m/nofp;/home/p7810456/arm-gnu-toolchain-12.2.mpacbti-rel1-x86_64-arm-none-eabi/arm-none-eabi/lib/thumb/v6-m/nofp;/home/p7810456/arm-gnu-toolchain-12.2.mpacbti-rel1-x86_64-arm-none-eabi/lib/gcc/arm-none-eabi/12.2.1;/home/p7810456/arm-gnu-toolchain-12.2.mpacbti-rel1-x86_64-arm-none-eabi/lib/gcc;/home/p7810456/arm-gnu-toolchain-12.2.mpacbti-rel1-x86_64-arm-none-eabi/arm-none-eabi/lib]
  implicit fwks: []


